2024-10-20 09:58:38 INFO  c.a.backendv1.Backendv1Application - Starting Backendv1Application using Java 22.0.1 with PID 1279 (/Users/sergiovinicio/Documents/GitHub/myApp/target/classes started by sergiovinicio in /Users/sergiovinicio/Documents/GitHub/myApp)
2024-10-20 09:58:38 INFO  c.a.backendv1.Backendv1Application - No active profile set, falling back to 1 default profile: "default"
2024-10-20 09:58:38 INFO  o.s.b.d.e.DevToolsPropertyDefaultsPostProcessor - Devtools property defaults active! Set 'spring.devtools.add-properties' to 'false' to disable
2024-10-20 09:58:38 INFO  o.s.b.d.e.DevToolsPropertyDefaultsPostProcessor - For additional web related logging consider setting the 'logging.level.web' property to 'DEBUG'
2024-10-20 09:58:38 INFO  o.s.d.r.c.RepositoryConfigurationDelegate - Bootstrapping Spring Data JPA repositories in DEFAULT mode.
2024-10-20 09:58:39 INFO  o.s.d.r.c.RepositoryConfigurationDelegate - Finished Spring Data repository scanning in 45 ms. Found 6 JPA repository interfaces.
2024-10-20 09:58:39 INFO  o.s.b.w.e.tomcat.TomcatWebServer - Tomcat initialized with port 8080 (http)
2024-10-20 09:58:39 INFO  o.a.coyote.http11.Http11NioProtocol - Initializing ProtocolHandler ["http-nio-8080"]
2024-10-20 09:58:39 INFO  o.a.catalina.core.StandardService - Starting service [Tomcat]
2024-10-20 09:58:39 INFO  o.a.catalina.core.StandardEngine - Starting Servlet engine: [Apache Tomcat/10.1.20]
2024-10-20 09:58:39 INFO  o.a.c.c.C.[Tomcat].[localhost].[/] - Initializing Spring embedded WebApplicationContext
2024-10-20 09:58:39 INFO  o.s.b.w.s.c.ServletWebServerApplicationContext - Root WebApplicationContext: initialization completed in 870 ms
2024-10-20 09:58:39 INFO  com.zaxxer.hikari.HikariDataSource - HikariPool-1 - Starting...
2024-10-20 09:58:39 INFO  com.zaxxer.hikari.pool.HikariPool - HikariPool-1 - Added connection com.mysql.cj.jdbc.ConnectionImpl@20c4d786
2024-10-20 09:58:39 INFO  com.zaxxer.hikari.HikariDataSource - HikariPool-1 - Start completed.
2024-10-20 09:58:39 INFO  o.h.jpa.internal.util.LogHelper - HHH000204: Processing PersistenceUnitInfo [name: default]
2024-10-20 09:58:39 INFO  org.hibernate.Version - HHH000412: Hibernate ORM core version 6.4.4.Final
2024-10-20 09:58:39 INFO  o.h.c.i.RegionFactoryInitiator - HHH000026: Second-level cache disabled
2024-10-20 09:58:40 INFO  o.s.o.j.p.SpringPersistenceUnitInfo - No LoadTimeWeaver setup: ignoring JPA class transformer
2024-10-20 09:58:40 INFO  o.h.e.t.j.p.i.JtaPlatformInitiator - HHH000489: No JTA platform available (set 'hibernate.transaction.jta.platform' to enable JTA platform integration)
2024-10-20 09:58:40 INFO  o.s.o.j.LocalContainerEntityManagerFactoryBean - Initialized JPA EntityManagerFactory for persistence unit 'default'
2024-10-20 09:58:40 INFO  o.s.d.j.r.query.QueryEnhancerFactory - Hibernate is in classpath; If applicable, HQL parser will be used.
2024-10-20 09:58:41 WARN  o.s.b.a.o.j.JpaBaseConfiguration$JpaWebConfiguration - spring.jpa.open-in-view is enabled by default. Therefore, database queries may be performed during view rendering. Explicitly configure spring.jpa.open-in-view to disable this warning
2024-10-20 09:58:41 INFO  o.s.b.a.w.s.WelcomePageHandlerMapping - Adding welcome page: class path resource [static/index.html]
2024-10-20 09:58:41 INFO  o.s.b.d.a.OptionalLiveReloadServer - LiveReload server is running on port 35729
2024-10-20 09:58:41 INFO  o.a.coyote.http11.Http11NioProtocol - Starting ProtocolHandler ["http-nio-8080"]
2024-10-20 09:58:41 INFO  o.s.b.w.e.tomcat.TomcatWebServer - Tomcat started on port 8080 (http) with context path ''
2024-10-20 09:58:41 INFO  c.a.backendv1.Backendv1Application - Started Backendv1Application in 3.274 seconds (process running for 3.985)
2024-10-20 09:58:47 INFO  o.a.c.c.C.[Tomcat].[localhost].[/] - Initializing Spring DispatcherServlet 'dispatcherServlet'
2024-10-20 09:58:47 INFO  o.s.web.servlet.DispatcherServlet - Initializing Servlet 'dispatcherServlet'
2024-10-20 09:58:47 INFO  o.s.web.servlet.DispatcherServlet - Completed initialization in 1 ms
2024-10-20 09:59:30 ERROR c.a.backendv1.Util.LoggerUtil - Error occurred on path: /api/v1/expense/category, with CorrelationId: 292f16f6-17a6-41b2-9b49-5c3bde5592e6, Error: Expense category Outros not found
2024-10-20 09:59:30 WARN  o.s.w.s.m.m.a.ExceptionHandlerExceptionResolver - Resolved [com.alucontrol.backendv1.exception.ResourceNotFoundException: Expense category Outros not found]
2024-10-20 09:59:34 ERROR c.a.backendv1.Util.LoggerUtil - Error occurred on path: /api/v1/expense/category, with CorrelationId: 5248f1c4-777d-4ca9-b904-9509cfc13d99, Error: Expense category Outros not found
2024-10-20 09:59:34 WARN  o.s.w.s.m.m.a.ExceptionHandlerExceptionResolver - Resolved [com.alucontrol.backendv1.exception.ResourceNotFoundException: Expense category Outros not found]
2024-10-20 10:00:44 ERROR c.a.backendv1.Util.LoggerUtil - Error occurred on path: /api/v1/expense/year-month, with CorrelationId: a158ab1a-3796-45ab-bba0-2b87b525cfa8, Error: Expense - not found
2024-10-20 10:00:44 WARN  o.s.w.s.m.m.a.ExceptionHandlerExceptionResolver - Resolved [com.alucontrol.backendv1.exception.ResourceNotFoundException: Expense - not found]
2024-10-20 10:00:49 ERROR c.a.backendv1.Util.LoggerUtil - Error occurred on path: /api/v1/expense/year-month, with CorrelationId: d3bce1d2-ce61-47b9-934e-c17eea840da7, Error: Expense -44 not found
2024-10-20 10:00:49 WARN  o.s.w.s.m.m.a.ExceptionHandlerExceptionResolver - Resolved [com.alucontrol.backendv1.exception.ResourceNotFoundException: Expense -44 not found]
2024-10-20 10:03:48 ERROR c.a.backendv1.Util.LoggerUtil - Error occurred on path: /rent, with CorrelationId: 913f99f1-685f-4125-82b8-c512e483ca0e, Error: No static resource rent.
2024-10-20 10:03:48 WARN  o.s.w.s.m.m.a.ExceptionHandlerExceptionResolver - Resolved [org.springframework.web.servlet.resource.NoResourceFoundException: No static resource rent.]
2024-10-20 10:04:00 ERROR c.a.backendv1.Util.LoggerUtil - Error occurred on path: /rent, with CorrelationId: 42a9e94f-81cf-4084-a368-fb99c802453e, Error: No static resource rent.
2024-10-20 10:04:00 WARN  o.s.w.s.m.m.a.ExceptionHandlerExceptionResolver - Resolved [org.springframework.web.servlet.resource.NoResourceFoundException: No static resource rent.]
2024-10-20 10:06:26 ERROR c.a.backendv1.Util.LoggerUtil - Error occurred on path: /rent, with CorrelationId: 07536dac-79c5-4578-aa65-035d85837888, Error: No static resource rent.
2024-10-20 10:06:26 WARN  o.s.w.s.m.m.a.ExceptionHandlerExceptionResolver - Resolved [org.springframework.web.servlet.resource.NoResourceFoundException: No static resource rent.]
2024-10-20 10:09:54 ERROR c.a.backendv1.Util.LoggerUtil - Error occurred on path: /rent, with CorrelationId: 1af80161-afea-42f7-a5f3-115d76e9a1df, Error: No static resource rent.
2024-10-20 10:09:54 WARN  o.s.w.s.m.m.a.ExceptionHandlerExceptionResolver - Resolved [org.springframework.web.servlet.resource.NoResourceFoundException: No static resource rent.]
2024-10-20 10:15:57 ERROR c.a.backendv1.Util.LoggerUtil - Error occurred on path: /rentByStatus, with CorrelationId: 1e12bc4d-4efd-4ea8-936d-de205c46b4e2, Error: No static resource rentByStatus.
2024-10-20 10:15:57 WARN  o.s.w.s.m.m.a.ExceptionHandlerExceptionResolver - Resolved [org.springframework.web.servlet.resource.NoResourceFoundException: No static resource rentByStatus.]
2024-10-20 10:16:00 ERROR c.a.backendv1.Util.LoggerUtil - Error occurred on path: /rentByStatus, with CorrelationId: 535aecef-c9f0-44c9-80be-aa691ac3cb77, Error: No static resource rentByStatus.
2024-10-20 10:16:00 WARN  o.s.w.s.m.m.a.ExceptionHandlerExceptionResolver - Resolved [org.springframework.web.servlet.resource.NoResourceFoundException: No static resource rentByStatus.]
2024-10-20 10:21:13 INFO  o.s.o.j.LocalContainerEntityManagerFactoryBean - Closing JPA EntityManagerFactory for persistence unit 'default'
2024-10-20 10:21:13 INFO  com.zaxxer.hikari.HikariDataSource - HikariPool-1 - Shutdown initiated...
2024-10-20 10:21:13 INFO  com.zaxxer.hikari.HikariDataSource - HikariPool-1 - Shutdown completed.
2024-10-20 10:22:22 INFO  c.a.backendv1.Backendv1Application - Starting Backendv1Application using Java 22.0.1 with PID 3023 (/Users/sergiovinicio/Documents/GitHub/myApp/target/classes started by sergiovinicio in /Users/sergiovinicio/Documents/GitHub/myApp)
2024-10-20 10:22:22 INFO  c.a.backendv1.Backendv1Application - No active profile set, falling back to 1 default profile: "default"
2024-10-20 10:22:22 INFO  o.s.b.d.e.DevToolsPropertyDefaultsPostProcessor - Devtools property defaults active! Set 'spring.devtools.add-properties' to 'false' to disable
2024-10-20 10:22:22 INFO  o.s.b.d.e.DevToolsPropertyDefaultsPostProcessor - For additional web related logging consider setting the 'logging.level.web' property to 'DEBUG'
2024-10-20 10:22:23 INFO  o.s.d.r.c.RepositoryConfigurationDelegate - Bootstrapping Spring Data JPA repositories in DEFAULT mode.
2024-10-20 10:22:23 INFO  o.s.d.r.c.RepositoryConfigurationDelegate - Finished Spring Data repository scanning in 31 ms. Found 6 JPA repository interfaces.
2024-10-20 10:22:23 INFO  o.s.b.w.e.tomcat.TomcatWebServer - Tomcat initialized with port 8080 (http)
2024-10-20 10:22:23 INFO  o.a.coyote.http11.Http11NioProtocol - Initializing ProtocolHandler ["http-nio-8080"]
2024-10-20 10:22:23 INFO  o.a.catalina.core.StandardService - Starting service [Tomcat]
2024-10-20 10:22:23 INFO  o.a.catalina.core.StandardEngine - Starting Servlet engine: [Apache Tomcat/10.1.20]
2024-10-20 10:22:23 INFO  o.a.c.c.C.[Tomcat].[localhost].[/] - Initializing Spring embedded WebApplicationContext
2024-10-20 10:22:23 INFO  o.s.b.w.s.c.ServletWebServerApplicationContext - Root WebApplicationContext: initialization completed in 737 ms
2024-10-20 10:22:23 INFO  com.zaxxer.hikari.HikariDataSource - HikariPool-1 - Starting...
2024-10-20 10:22:23 INFO  com.zaxxer.hikari.pool.HikariPool - HikariPool-1 - Added connection com.mysql.cj.jdbc.ConnectionImpl@1bf82c00
2024-10-20 10:22:23 INFO  com.zaxxer.hikari.HikariDataSource - HikariPool-1 - Start completed.
2024-10-20 10:22:23 INFO  o.h.jpa.internal.util.LogHelper - HHH000204: Processing PersistenceUnitInfo [name: default]
2024-10-20 10:22:23 INFO  org.hibernate.Version - HHH000412: Hibernate ORM core version 6.4.4.Final
2024-10-20 10:22:23 INFO  o.h.c.i.RegionFactoryInitiator - HHH000026: Second-level cache disabled
2024-10-20 10:22:24 INFO  o.s.o.j.p.SpringPersistenceUnitInfo - No LoadTimeWeaver setup: ignoring JPA class transformer
2024-10-20 10:22:24 INFO  o.h.e.t.j.p.i.JtaPlatformInitiator - HHH000489: No JTA platform available (set 'hibernate.transaction.jta.platform' to enable JTA platform integration)
2024-10-20 10:22:24 INFO  o.s.o.j.LocalContainerEntityManagerFactoryBean - Initialized JPA EntityManagerFactory for persistence unit 'default'
2024-10-20 10:22:24 INFO  o.s.d.j.r.query.QueryEnhancerFactory - Hibernate is in classpath; If applicable, HQL parser will be used.
2024-10-20 10:22:25 WARN  o.s.b.a.o.j.JpaBaseConfiguration$JpaWebConfiguration - spring.jpa.open-in-view is enabled by default. Therefore, database queries may be performed during view rendering. Explicitly configure spring.jpa.open-in-view to disable this warning
2024-10-20 10:22:25 INFO  o.s.b.a.w.s.WelcomePageHandlerMapping - Adding welcome page: class path resource [static/index.html]
2024-10-20 10:22:25 INFO  o.s.b.d.a.OptionalLiveReloadServer - LiveReload server is running on port 35729
2024-10-20 10:22:25 INFO  o.a.coyote.http11.Http11NioProtocol - Starting ProtocolHandler ["http-nio-8080"]
2024-10-20 10:22:25 INFO  o.s.b.w.e.tomcat.TomcatWebServer - Tomcat started on port 8080 (http) with context path ''
2024-10-20 10:22:25 INFO  c.a.backendv1.Backendv1Application - Started Backendv1Application in 2.981 seconds (process running for 3.853)
2024-10-20 10:22:29 INFO  o.a.c.c.C.[Tomcat].[localhost].[/] - Initializing Spring DispatcherServlet 'dispatcherServlet'
2024-10-20 10:22:29 INFO  o.s.web.servlet.DispatcherServlet - Initializing Servlet 'dispatcherServlet'
2024-10-20 10:22:29 INFO  o.s.web.servlet.DispatcherServlet - Completed initialization in 1 ms
2024-10-20 10:33:48 INFO  o.s.o.j.LocalContainerEntityManagerFactoryBean - Closing JPA EntityManagerFactory for persistence unit 'default'
2024-10-20 10:33:48 INFO  com.zaxxer.hikari.HikariDataSource - HikariPool-1 - Shutdown initiated...
2024-10-20 10:33:48 INFO  com.zaxxer.hikari.HikariDataSource - HikariPool-1 - Shutdown completed.
