2024-10-15 10:39:04 INFO  c.a.backendv1.Backendv1Application - Starting Backendv1Application using Java 22.0.2 with PID 11877 (/Users/sergiovinicio/Documents/GitHub/myApp/target/classes started by sergiovinicio in /Users/sergiovinicio/Documents/GitHub/myApp)
2024-10-15 10:39:04 INFO  c.a.backendv1.Backendv1Application - The following 1 profile is active: "prod"
2024-10-15 10:39:04 INFO  o.s.b.d.e.DevToolsPropertyDefaultsPostProcessor - Devtools property defaults active! Set 'spring.devtools.add-properties' to 'false' to disable
2024-10-15 10:39:04 INFO  o.s.b.d.e.DevToolsPropertyDefaultsPostProcessor - For additional web related logging consider setting the 'logging.level.web' property to 'DEBUG'
2024-10-15 10:39:04 INFO  o.s.d.r.c.RepositoryConfigurationDelegate - Bootstrapping Spring Data JPA repositories in DEFAULT mode.
2024-10-15 10:39:04 INFO  o.s.d.r.c.RepositoryConfigurationDelegate - Finished Spring Data repository scanning in 44 ms. Found 6 JPA repository interfaces.
2024-10-15 10:39:04 WARN  o.s.b.w.s.c.AnnotationConfigServletWebServerApplicationContext - Exception encountered during context initialization - cancelling refresh attempt: org.springframework.context.ApplicationContextException: Unable to start web server
2024-10-15 10:39:04 INFO  o.s.b.a.l.ConditionEvaluationReportLogger - 

Error starting ApplicationContext. To display the condition evaluation report re-run your application with 'debug' enabled.
2024-10-15 10:39:04 ERROR o.s.b.d.LoggingFailureAnalysisReporter - 

***************************
APPLICATION FAILED TO START
***************************

Description:

Failed to bind properties under 'server.port' to java.lang.Integer:

    Property: server.port
    Value: "${PORT}"
    Origin: class path resource [application-prod.properties] - 26:13
    Reason: failed to convert java.lang.String to java.lang.Integer (caused by java.lang.NumberFormatException: For input string: "${PORT}")

Action:

Update your application's configuration

2024-10-15 10:39:17 INFO  c.a.backendv1.Backendv1Application - Starting Backendv1Application using Java 22.0.1 with PID 11888 (/Users/sergiovinicio/Documents/GitHub/myApp/target/classes started by sergiovinicio in /Users/sergiovinicio/Documents/GitHub/myApp)
2024-10-15 10:39:17 INFO  c.a.backendv1.Backendv1Application - The following 1 profile is active: "prod"
2024-10-15 10:39:17 INFO  o.s.b.d.e.DevToolsPropertyDefaultsPostProcessor - Devtools property defaults active! Set 'spring.devtools.add-properties' to 'false' to disable
2024-10-15 10:39:17 INFO  o.s.b.d.e.DevToolsPropertyDefaultsPostProcessor - For additional web related logging consider setting the 'logging.level.web' property to 'DEBUG'
2024-10-15 10:39:17 INFO  o.s.d.r.c.RepositoryConfigurationDelegate - Bootstrapping Spring Data JPA repositories in DEFAULT mode.
2024-10-15 10:39:18 INFO  o.s.d.r.c.RepositoryConfigurationDelegate - Finished Spring Data repository scanning in 32 ms. Found 6 JPA repository interfaces.
2024-10-15 10:39:18 WARN  o.s.b.w.s.c.AnnotationConfigServletWebServerApplicationContext - Exception encountered during context initialization - cancelling refresh attempt: org.springframework.context.ApplicationContextException: Unable to start web server
2024-10-15 10:39:18 INFO  o.s.b.a.l.ConditionEvaluationReportLogger - 

Error starting ApplicationContext. To display the condition evaluation report re-run your application with 'debug' enabled.
2024-10-15 10:39:18 ERROR o.s.b.d.LoggingFailureAnalysisReporter - 

***************************
APPLICATION FAILED TO START
***************************

Description:

Failed to bind properties under 'server.port' to java.lang.Integer:

    Property: server.port
    Value: "${PORT}"
    Origin: class path resource [application-prod.properties] - 26:13
    Reason: failed to convert java.lang.String to java.lang.Integer (caused by java.lang.NumberFormatException: For input string: "${PORT}")

Action:

Update your application's configuration

2024-10-15 18:09:54 INFO  c.a.backendv1.Backendv1Application - Starting Backendv1Application using Java 22.0.1 with PID 14135 (/Users/sergiovinicio/Documents/GitHub/myApp/target/classes started by sergiovinicio in /Users/sergiovinicio/Documents/GitHub/myApp)
2024-10-15 18:09:54 INFO  c.a.backendv1.Backendv1Application - No active profile set, falling back to 1 default profile: "default"
2024-10-15 18:09:54 INFO  o.s.b.d.e.DevToolsPropertyDefaultsPostProcessor - Devtools property defaults active! Set 'spring.devtools.add-properties' to 'false' to disable
2024-10-15 18:09:54 INFO  o.s.b.d.e.DevToolsPropertyDefaultsPostProcessor - For additional web related logging consider setting the 'logging.level.web' property to 'DEBUG'
2024-10-15 18:09:54 INFO  o.s.d.r.c.RepositoryConfigurationDelegate - Bootstrapping Spring Data JPA repositories in DEFAULT mode.
2024-10-15 18:09:54 INFO  o.s.d.r.c.RepositoryConfigurationDelegate - Finished Spring Data repository scanning in 32 ms. Found 6 JPA repository interfaces.
2024-10-15 18:09:55 WARN  o.s.b.w.s.c.AnnotationConfigServletWebServerApplicationContext - Exception encountered during context initialization - cancelling refresh attempt: org.springframework.context.ApplicationContextException: Unable to start web server
2024-10-15 18:09:55 INFO  o.s.b.a.l.ConditionEvaluationReportLogger - 

Error starting ApplicationContext. To display the condition evaluation report re-run your application with 'debug' enabled.
2024-10-15 18:09:55 ERROR o.s.b.d.LoggingFailureAnalysisReporter - 

***************************
APPLICATION FAILED TO START
***************************

Description:

Failed to bind properties under 'server.port' to java.lang.Integer:

    Property: server.port
    Value: "${PORT}"
    Origin: class path resource [application.properties] - 26:13
    Reason: failed to convert java.lang.String to java.lang.Integer (caused by java.lang.NumberFormatException: For input string: "${PORT}")

Action:

Update your application's configuration

2024-10-15 18:10:27 INFO  c.a.backendv1.Backendv1Application - Starting Backendv1Application using Java 22.0.1 with PID 14161 (/Users/sergiovinicio/Documents/GitHub/myApp/target/classes started by sergiovinicio in /Users/sergiovinicio/Documents/GitHub/myApp)
2024-10-15 18:10:27 INFO  c.a.backendv1.Backendv1Application - No active profile set, falling back to 1 default profile: "default"
2024-10-15 18:10:27 INFO  o.s.b.d.e.DevToolsPropertyDefaultsPostProcessor - Devtools property defaults active! Set 'spring.devtools.add-properties' to 'false' to disable
2024-10-15 18:10:27 INFO  o.s.b.d.e.DevToolsPropertyDefaultsPostProcessor - For additional web related logging consider setting the 'logging.level.web' property to 'DEBUG'
2024-10-15 18:10:28 INFO  o.s.d.r.c.RepositoryConfigurationDelegate - Bootstrapping Spring Data JPA repositories in DEFAULT mode.
2024-10-15 18:10:28 INFO  o.s.d.r.c.RepositoryConfigurationDelegate - Finished Spring Data repository scanning in 31 ms. Found 6 JPA repository interfaces.
2024-10-15 18:10:28 INFO  o.s.b.w.e.tomcat.TomcatWebServer - Tomcat initialized with port 8080 (http)
2024-10-15 18:10:28 INFO  o.a.coyote.http11.Http11NioProtocol - Initializing ProtocolHandler ["http-nio-8080"]
2024-10-15 18:10:28 INFO  o.a.catalina.core.StandardService - Starting service [Tomcat]
2024-10-15 18:10:28 INFO  o.a.catalina.core.StandardEngine - Starting Servlet engine: [Apache Tomcat/10.1.20]
2024-10-15 18:10:28 INFO  o.a.c.c.C.[Tomcat].[localhost].[/] - Initializing Spring embedded WebApplicationContext
2024-10-15 18:10:28 INFO  o.s.b.w.s.c.ServletWebServerApplicationContext - Root WebApplicationContext: initialization completed in 737 ms
2024-10-15 18:10:28 INFO  com.zaxxer.hikari.HikariDataSource - HikariPool-1 - Starting...
2024-10-15 18:10:29 INFO  com.zaxxer.hikari.pool.HikariPool - HikariPool-1 - Added connection com.mysql.cj.jdbc.ConnectionImpl@12f61682
2024-10-15 18:10:29 INFO  com.zaxxer.hikari.HikariDataSource - HikariPool-1 - Start completed.
2024-10-15 18:10:29 INFO  o.h.jpa.internal.util.LogHelper - HHH000204: Processing PersistenceUnitInfo [name: default]
2024-10-15 18:10:29 INFO  org.hibernate.Version - HHH000412: Hibernate ORM core version 6.4.4.Final
2024-10-15 18:10:29 INFO  o.h.c.i.RegionFactoryInitiator - HHH000026: Second-level cache disabled
2024-10-15 18:10:29 INFO  o.s.o.j.p.SpringPersistenceUnitInfo - No LoadTimeWeaver setup: ignoring JPA class transformer
2024-10-15 18:10:29 INFO  o.h.e.t.j.p.i.JtaPlatformInitiator - HHH000489: No JTA platform available (set 'hibernate.transaction.jta.platform' to enable JTA platform integration)
2024-10-15 18:10:29 INFO  o.s.o.j.LocalContainerEntityManagerFactoryBean - Initialized JPA EntityManagerFactory for persistence unit 'default'
2024-10-15 18:10:30 INFO  o.s.d.j.r.query.QueryEnhancerFactory - Hibernate is in classpath; If applicable, HQL parser will be used.
2024-10-15 18:10:30 WARN  o.s.b.a.o.j.JpaBaseConfiguration$JpaWebConfiguration - spring.jpa.open-in-view is enabled by default. Therefore, database queries may be performed during view rendering. Explicitly configure spring.jpa.open-in-view to disable this warning
2024-10-15 18:10:30 INFO  o.s.b.a.w.s.WelcomePageHandlerMapping - Adding welcome page: class path resource [static/index.html]
2024-10-15 18:10:30 INFO  o.s.b.d.a.OptionalLiveReloadServer - LiveReload server is running on port 35729
2024-10-15 18:10:30 INFO  o.a.coyote.http11.Http11NioProtocol - Starting ProtocolHandler ["http-nio-8080"]
2024-10-15 18:10:30 INFO  o.s.b.w.e.tomcat.TomcatWebServer - Tomcat started on port 8080 (http) with context path ''
2024-10-15 18:10:30 INFO  c.a.backendv1.Backendv1Application - Started Backendv1Application in 3.031 seconds (process running for 3.733)
2024-10-15 18:10:37 INFO  o.a.c.c.C.[Tomcat].[localhost].[/] - Initializing Spring DispatcherServlet 'dispatcherServlet'
2024-10-15 18:10:37 INFO  o.s.web.servlet.DispatcherServlet - Initializing Servlet 'dispatcherServlet'
2024-10-15 18:10:38 INFO  o.s.web.servlet.DispatcherServlet - Completed initialization in 3 ms
2024-10-15 18:11:07 INFO  o.s.o.j.LocalContainerEntityManagerFactoryBean - Closing JPA EntityManagerFactory for persistence unit 'default'
2024-10-15 18:11:07 INFO  com.zaxxer.hikari.HikariDataSource - HikariPool-1 - Shutdown initiated...
2024-10-15 18:11:07 INFO  com.zaxxer.hikari.HikariDataSource - HikariPool-1 - Shutdown completed.
2024-10-15 18:11:52 INFO  c.a.backendv1.Backendv1Application - Starting Backendv1Application using Java 22.0.1 with PID 14298 (/Users/sergiovinicio/Documents/GitHub/myApp/target/classes started by sergiovinicio in /Users/sergiovinicio/Documents/GitHub/myApp)
2024-10-15 18:11:52 INFO  c.a.backendv1.Backendv1Application - No active profile set, falling back to 1 default profile: "default"
2024-10-15 18:11:52 INFO  o.s.b.d.e.DevToolsPropertyDefaultsPostProcessor - Devtools property defaults active! Set 'spring.devtools.add-properties' to 'false' to disable
2024-10-15 18:11:52 INFO  o.s.b.d.e.DevToolsPropertyDefaultsPostProcessor - For additional web related logging consider setting the 'logging.level.web' property to 'DEBUG'
2024-10-15 18:11:52 INFO  o.s.d.r.c.RepositoryConfigurationDelegate - Bootstrapping Spring Data JPA repositories in DEFAULT mode.
2024-10-15 18:11:52 INFO  o.s.d.r.c.RepositoryConfigurationDelegate - Finished Spring Data repository scanning in 31 ms. Found 6 JPA repository interfaces.
2024-10-15 18:11:52 INFO  o.s.b.w.e.tomcat.TomcatWebServer - Tomcat initialized with port 8080 (http)
2024-10-15 18:11:53 INFO  o.a.coyote.http11.Http11NioProtocol - Initializing ProtocolHandler ["http-nio-8080"]
2024-10-15 18:11:53 INFO  o.a.catalina.core.StandardService - Starting service [Tomcat]
2024-10-15 18:11:53 INFO  o.a.catalina.core.StandardEngine - Starting Servlet engine: [Apache Tomcat/10.1.20]
2024-10-15 18:11:53 INFO  o.a.c.c.C.[Tomcat].[localhost].[/] - Initializing Spring embedded WebApplicationContext
2024-10-15 18:11:53 INFO  o.s.b.w.s.c.ServletWebServerApplicationContext - Root WebApplicationContext: initialization completed in 731 ms
2024-10-15 18:11:53 INFO  com.zaxxer.hikari.HikariDataSource - HikariPool-1 - Starting...
2024-10-15 18:11:53 INFO  com.zaxxer.hikari.pool.HikariPool - HikariPool-1 - Added connection com.mysql.cj.jdbc.ConnectionImpl@12f61682
2024-10-15 18:11:53 INFO  com.zaxxer.hikari.HikariDataSource - HikariPool-1 - Start completed.
2024-10-15 18:11:53 INFO  o.h.jpa.internal.util.LogHelper - HHH000204: Processing PersistenceUnitInfo [name: default]
2024-10-15 18:11:53 INFO  org.hibernate.Version - HHH000412: Hibernate ORM core version 6.4.4.Final
2024-10-15 18:11:53 INFO  o.h.c.i.RegionFactoryInitiator - HHH000026: Second-level cache disabled
2024-10-15 18:11:53 INFO  o.s.o.j.p.SpringPersistenceUnitInfo - No LoadTimeWeaver setup: ignoring JPA class transformer
2024-10-15 18:11:54 INFO  o.h.e.t.j.p.i.JtaPlatformInitiator - HHH000489: No JTA platform available (set 'hibernate.transaction.jta.platform' to enable JTA platform integration)
2024-10-15 18:11:54 INFO  o.s.o.j.LocalContainerEntityManagerFactoryBean - Initialized JPA EntityManagerFactory for persistence unit 'default'
2024-10-15 18:11:54 INFO  o.s.d.j.r.query.QueryEnhancerFactory - Hibernate is in classpath; If applicable, HQL parser will be used.
2024-10-15 18:11:54 WARN  o.s.b.a.o.j.JpaBaseConfiguration$JpaWebConfiguration - spring.jpa.open-in-view is enabled by default. Therefore, database queries may be performed during view rendering. Explicitly configure spring.jpa.open-in-view to disable this warning
2024-10-15 18:11:54 INFO  o.s.b.a.w.s.WelcomePageHandlerMapping - Adding welcome page: class path resource [static/index.html]
2024-10-15 18:11:55 INFO  o.s.b.d.a.OptionalLiveReloadServer - LiveReload server is running on port 35729
2024-10-15 18:11:55 INFO  o.a.coyote.http11.Http11NioProtocol - Starting ProtocolHandler ["http-nio-8080"]
2024-10-15 18:11:55 INFO  o.s.b.w.e.tomcat.TomcatWebServer - Tomcat started on port 8080 (http) with context path ''
2024-10-15 18:11:55 INFO  c.a.backendv1.Backendv1Application - Started Backendv1Application in 3.049 seconds (process running for 3.62)
2024-10-15 18:11:57 INFO  o.a.c.c.C.[Tomcat].[localhost].[/] - Initializing Spring DispatcherServlet 'dispatcherServlet'
2024-10-15 18:11:57 INFO  o.s.web.servlet.DispatcherServlet - Initializing Servlet 'dispatcherServlet'
2024-10-15 18:11:57 INFO  o.s.web.servlet.DispatcherServlet - Completed initialization in 2 ms
2024-10-15 18:12:05 ERROR c.a.backendv1.Util.LoggerUtil - Error occurred on path: /js/script.js, with CorrelationId: aee03827-cb01-4ec2-99d2-a78ee7372eca, Error: No static resource js/script.js.
2024-10-15 18:12:05 ERROR c.a.backendv1.Util.LoggerUtil - Error occurred on path: /js/forms.js, with CorrelationId: e6a0c4bf-e056-45ce-95cc-8e440c32c62e, Error: No static resource js/forms.js.
2024-10-15 18:12:05 ERROR c.a.backendv1.Util.LoggerUtil - Error occurred on path: /js/editModal.js, with CorrelationId: 42f8b63b-6700-41ed-bd03-4efcf9cee746, Error: No static resource js/editModal.js.
2024-10-15 18:12:06 WARN  o.s.w.s.m.m.a.ExceptionHandlerExceptionResolver - Resolved [org.springframework.web.servlet.resource.NoResourceFoundException: No static resource js/script.js.]
2024-10-15 18:12:06 WARN  o.s.w.s.m.m.a.ExceptionHandlerExceptionResolver - Resolved [org.springframework.web.servlet.resource.NoResourceFoundException: No static resource js/editModal.js.]
2024-10-15 18:12:06 WARN  o.s.w.s.m.m.a.ExceptionHandlerExceptionResolver - Resolved [org.springframework.web.servlet.resource.NoResourceFoundException: No static resource js/forms.js.]
2024-10-15 18:12:06 ERROR c.a.backendv1.Util.LoggerUtil - Error occurred on path: /scaffoldsRentals, with CorrelationId: 427e0943-1a5e-45a9-84b4-eb65e82c91d5, Error: No static resource scaffoldsRentals.
2024-10-15 18:12:06 WARN  o.s.w.s.m.m.a.ExceptionHandlerExceptionResolver - Resolved [org.springframework.web.servlet.resource.NoResourceFoundException: No static resource scaffoldsRentals.]
2024-10-15 18:12:45 INFO  o.s.o.j.LocalContainerEntityManagerFactoryBean - Closing JPA EntityManagerFactory for persistence unit 'default'
2024-10-15 18:12:46 INFO  com.zaxxer.hikari.HikariDataSource - HikariPool-1 - Shutdown initiated...
2024-10-15 18:12:46 INFO  com.zaxxer.hikari.HikariDataSource - HikariPool-1 - Shutdown completed.
2024-10-15 18:16:36 INFO  c.a.backendv1.Backendv1Application - Starting Backendv1Application using Java 22.0.1 with PID 14690 (/Users/sergiovinicio/Documents/GitHub/myApp/target/classes started by sergiovinicio in /Users/sergiovinicio/Documents/GitHub/myApp)
2024-10-15 18:16:36 INFO  c.a.backendv1.Backendv1Application - No active profile set, falling back to 1 default profile: "default"
2024-10-15 18:16:36 INFO  o.s.b.d.e.DevToolsPropertyDefaultsPostProcessor - Devtools property defaults active! Set 'spring.devtools.add-properties' to 'false' to disable
2024-10-15 18:16:36 INFO  o.s.b.d.e.DevToolsPropertyDefaultsPostProcessor - For additional web related logging consider setting the 'logging.level.web' property to 'DEBUG'
2024-10-15 18:16:37 INFO  o.s.d.r.c.RepositoryConfigurationDelegate - Bootstrapping Spring Data JPA repositories in DEFAULT mode.
2024-10-15 18:16:37 INFO  o.s.d.r.c.RepositoryConfigurationDelegate - Finished Spring Data repository scanning in 31 ms. Found 6 JPA repository interfaces.
2024-10-15 18:16:37 INFO  o.s.b.w.e.tomcat.TomcatWebServer - Tomcat initialized with port 8080 (http)
2024-10-15 18:16:37 INFO  o.a.coyote.http11.Http11NioProtocol - Initializing ProtocolHandler ["http-nio-8080"]
2024-10-15 18:16:37 INFO  o.a.catalina.core.StandardService - Starting service [Tomcat]
2024-10-15 18:16:37 INFO  o.a.catalina.core.StandardEngine - Starting Servlet engine: [Apache Tomcat/10.1.20]
2024-10-15 18:16:37 INFO  o.a.c.c.C.[Tomcat].[localhost].[/] - Initializing Spring embedded WebApplicationContext
2024-10-15 18:16:37 INFO  o.s.b.w.s.c.ServletWebServerApplicationContext - Root WebApplicationContext: initialization completed in 750 ms
2024-10-15 18:16:37 INFO  com.zaxxer.hikari.HikariDataSource - HikariPool-1 - Starting...
2024-10-15 18:16:37 INFO  com.zaxxer.hikari.pool.HikariPool - HikariPool-1 - Added connection com.mysql.cj.jdbc.ConnectionImpl@2c243610
2024-10-15 18:16:37 INFO  com.zaxxer.hikari.HikariDataSource - HikariPool-1 - Start completed.
2024-10-15 18:16:37 INFO  o.h.jpa.internal.util.LogHelper - HHH000204: Processing PersistenceUnitInfo [name: default]
2024-10-15 18:16:37 INFO  org.hibernate.Version - HHH000412: Hibernate ORM core version 6.4.4.Final
2024-10-15 18:16:37 INFO  o.h.c.i.RegionFactoryInitiator - HHH000026: Second-level cache disabled
2024-10-15 18:16:38 INFO  o.s.o.j.p.SpringPersistenceUnitInfo - No LoadTimeWeaver setup: ignoring JPA class transformer
2024-10-15 18:16:38 INFO  o.h.e.t.j.p.i.JtaPlatformInitiator - HHH000489: No JTA platform available (set 'hibernate.transaction.jta.platform' to enable JTA platform integration)
2024-10-15 18:16:38 INFO  o.s.o.j.LocalContainerEntityManagerFactoryBean - Initialized JPA EntityManagerFactory for persistence unit 'default'
2024-10-15 18:16:38 INFO  o.s.d.j.r.query.QueryEnhancerFactory - Hibernate is in classpath; If applicable, HQL parser will be used.
2024-10-15 18:16:39 WARN  o.s.b.a.o.j.JpaBaseConfiguration$JpaWebConfiguration - spring.jpa.open-in-view is enabled by default. Therefore, database queries may be performed during view rendering. Explicitly configure spring.jpa.open-in-view to disable this warning
2024-10-15 18:16:39 INFO  o.s.b.a.w.s.WelcomePageHandlerMapping - Adding welcome page: class path resource [static/index.html]
2024-10-15 18:16:39 INFO  o.s.b.d.a.OptionalLiveReloadServer - LiveReload server is running on port 35729
2024-10-15 18:16:39 INFO  o.a.coyote.http11.Http11NioProtocol - Starting ProtocolHandler ["http-nio-8080"]
2024-10-15 18:16:39 INFO  o.s.b.w.e.tomcat.TomcatWebServer - Tomcat started on port 8080 (http) with context path ''
2024-10-15 18:16:39 INFO  c.a.backendv1.Backendv1Application - Started Backendv1Application in 3.15 seconds (process running for 4.231)
2024-10-15 18:16:43 INFO  o.a.c.c.C.[Tomcat].[localhost].[/] - Initializing Spring DispatcherServlet 'dispatcherServlet'
2024-10-15 18:16:43 INFO  o.s.web.servlet.DispatcherServlet - Initializing Servlet 'dispatcherServlet'
2024-10-15 18:16:43 INFO  o.s.web.servlet.DispatcherServlet - Completed initialization in 3 ms
2024-10-15 18:16:43 ERROR c.a.backendv1.Util.LoggerUtil - Error occurred on path: /js/editModal.js, with CorrelationId: c02259fe-ed20-4a59-9472-4f64f944bc10, Error: No static resource js/editModal.js.
2024-10-15 18:16:43 ERROR c.a.backendv1.Util.LoggerUtil - Error occurred on path: /js/script.js, with CorrelationId: 153a0d1f-349e-48d8-be82-12cbd04a5d99, Error: No static resource js/script.js.
2024-10-15 18:16:43 ERROR c.a.backendv1.Util.LoggerUtil - Error occurred on path: /js/forms.js, with CorrelationId: 6fa8dd83-c4cf-4bd7-aec3-5ad04ce36b73, Error: No static resource js/forms.js.
2024-10-15 18:16:43 WARN  o.s.w.s.m.m.a.ExceptionHandlerExceptionResolver - Resolved [org.springframework.web.servlet.resource.NoResourceFoundException: No static resource js/forms.js.]
2024-10-15 18:16:43 WARN  o.s.w.s.m.m.a.ExceptionHandlerExceptionResolver - Resolved [org.springframework.web.servlet.resource.NoResourceFoundException: No static resource js/editModal.js.]
2024-10-15 18:16:43 WARN  o.s.w.s.m.m.a.ExceptionHandlerExceptionResolver - Resolved [org.springframework.web.servlet.resource.NoResourceFoundException: No static resource js/script.js.]
2024-10-15 18:16:43 ERROR c.a.backendv1.Util.LoggerUtil - Error occurred on path: /scaffoldsRentals, with CorrelationId: 695deaf0-dd1a-4399-8527-52f40bb8363a, Error: No static resource scaffoldsRentals.
2024-10-15 18:16:43 WARN  o.s.w.s.m.m.a.ExceptionHandlerExceptionResolver - Resolved [org.springframework.web.servlet.resource.NoResourceFoundException: No static resource scaffoldsRentals.]
2024-10-15 18:16:46 ERROR c.a.backendv1.Util.LoggerUtil - Error occurred on path: /static, with CorrelationId: 07018585-e6fe-4533-8528-00ac5d1737b7, Error: No static resource static.
2024-10-15 18:16:46 WARN  o.s.w.s.m.m.a.ExceptionHandlerExceptionResolver - Resolved [org.springframework.web.servlet.resource.NoResourceFoundException: No static resource static.]
2024-10-15 18:18:05 ERROR c.a.backendv1.Util.LoggerUtil - Error occurred on path: /backendv1/src/main/resources/static/css/css/teststyle.css, with CorrelationId: 4a554fe4-d1c3-4149-871b-7a9885e75fd5, Error: No static resource backendv1/src/main/resources/static/css/css/teststyle.css.
2024-10-15 18:18:05 WARN  o.s.w.s.m.m.a.ExceptionHandlerExceptionResolver - Resolved [org.springframework.web.servlet.resource.NoResourceFoundException: No static resource backendv1/src/main/resources/static/css/css/teststyle.css.]
2024-10-15 18:18:07 ERROR c.a.backendv1.Util.LoggerUtil - Error occurred on path: /backendv1/src/main/resources/static/css/css/teststyle.css, with CorrelationId: 1d218e6d-fad0-4b16-a03e-794061abbb32, Error: No static resource backendv1/src/main/resources/static/css/css/teststyle.css.
2024-10-15 18:18:07 WARN  o.s.w.s.m.m.a.ExceptionHandlerExceptionResolver - Resolved [org.springframework.web.servlet.resource.NoResourceFoundException: No static resource backendv1/src/main/resources/static/css/css/teststyle.css.]
2024-10-15 18:18:10 ERROR c.a.backendv1.Util.LoggerUtil - Error occurred on path: /backendv1/src/main/resources/static/css/css/teststyle.css, with CorrelationId: c701993e-8e53-48c3-a4e3-d15e0a238488, Error: No static resource backendv1/src/main/resources/static/css/css/teststyle.css.
2024-10-15 18:18:10 WARN  o.s.w.s.m.m.a.ExceptionHandlerExceptionResolver - Resolved [org.springframework.web.servlet.resource.NoResourceFoundException: No static resource backendv1/src/main/resources/static/css/css/teststyle.css.]
2024-10-15 18:19:13 ERROR c.a.backendv1.Util.LoggerUtil - Error occurred on path: /backendv1/src/main/resources/static/css/css/teststyle.css, with CorrelationId: 1baf3544-5973-4251-bdc3-66df83c64f08, Error: No static resource backendv1/src/main/resources/static/css/css/teststyle.css.
2024-10-15 18:19:13 WARN  o.s.w.s.m.m.a.ExceptionHandlerExceptionResolver - Resolved [org.springframework.web.servlet.resource.NoResourceFoundException: No static resource backendv1/src/main/resources/static/css/css/teststyle.css.]
2024-10-15 18:19:14 ERROR c.a.backendv1.Util.LoggerUtil - Error occurred on path: /backendv1/src/main/resources/static/css/css/teststyle.css, with CorrelationId: ec7b7397-7041-4c9e-8bd7-a24fcf8bf3bc, Error: No static resource backendv1/src/main/resources/static/css/css/teststyle.css.
2024-10-15 18:19:14 WARN  o.s.w.s.m.m.a.ExceptionHandlerExceptionResolver - Resolved [org.springframework.web.servlet.resource.NoResourceFoundException: No static resource backendv1/src/main/resources/static/css/css/teststyle.css.]
2024-10-15 18:20:30 INFO  o.s.o.j.LocalContainerEntityManagerFactoryBean - Closing JPA EntityManagerFactory for persistence unit 'default'
2024-10-15 18:20:30 INFO  com.zaxxer.hikari.HikariDataSource - HikariPool-1 - Shutdown initiated...
2024-10-15 18:20:30 INFO  com.zaxxer.hikari.HikariDataSource - HikariPool-1 - Shutdown completed.
2024-10-15 18:48:53 INFO  c.a.backendv1.Backendv1Application - Starting Backendv1Application using Java 22.0.1 with PID 15661 (/Users/sergiovinicio/Documents/GitHub/myApp/target/classes started by sergiovinicio in /Users/sergiovinicio/Documents/GitHub/myApp)
2024-10-15 18:48:53 INFO  c.a.backendv1.Backendv1Application - No active profile set, falling back to 1 default profile: "default"
2024-10-15 18:48:53 INFO  o.s.b.d.e.DevToolsPropertyDefaultsPostProcessor - Devtools property defaults active! Set 'spring.devtools.add-properties' to 'false' to disable
2024-10-15 18:48:53 INFO  o.s.b.d.e.DevToolsPropertyDefaultsPostProcessor - For additional web related logging consider setting the 'logging.level.web' property to 'DEBUG'
2024-10-15 18:48:53 INFO  o.s.d.r.c.RepositoryConfigurationDelegate - Bootstrapping Spring Data JPA repositories in DEFAULT mode.
2024-10-15 18:48:53 INFO  o.s.d.r.c.RepositoryConfigurationDelegate - Finished Spring Data repository scanning in 32 ms. Found 6 JPA repository interfaces.
2024-10-15 18:48:54 INFO  o.s.b.w.e.tomcat.TomcatWebServer - Tomcat initialized with port 8080 (http)
2024-10-15 18:48:54 INFO  o.a.coyote.http11.Http11NioProtocol - Initializing ProtocolHandler ["http-nio-8080"]
2024-10-15 18:48:54 INFO  o.a.catalina.core.StandardService - Starting service [Tomcat]
2024-10-15 18:48:54 INFO  o.a.catalina.core.StandardEngine - Starting Servlet engine: [Apache Tomcat/10.1.20]
2024-10-15 18:48:54 INFO  o.a.c.c.C.[Tomcat].[localhost].[/] - Initializing Spring embedded WebApplicationContext
2024-10-15 18:48:54 INFO  o.s.b.w.s.c.ServletWebServerApplicationContext - Root WebApplicationContext: initialization completed in 782 ms
2024-10-15 18:48:54 INFO  com.zaxxer.hikari.HikariDataSource - HikariPool-1 - Starting...
2024-10-15 18:48:54 INFO  com.zaxxer.hikari.pool.HikariPool - HikariPool-1 - Added connection com.mysql.cj.jdbc.ConnectionImpl@5f8633cb
2024-10-15 18:48:54 INFO  com.zaxxer.hikari.HikariDataSource - HikariPool-1 - Start completed.
2024-10-15 18:48:54 INFO  o.h.jpa.internal.util.LogHelper - HHH000204: Processing PersistenceUnitInfo [name: default]
2024-10-15 18:48:54 INFO  org.hibernate.Version - HHH000412: Hibernate ORM core version 6.4.4.Final
2024-10-15 18:48:54 INFO  o.h.c.i.RegionFactoryInitiator - HHH000026: Second-level cache disabled
2024-10-15 18:48:54 INFO  o.s.o.j.p.SpringPersistenceUnitInfo - No LoadTimeWeaver setup: ignoring JPA class transformer
2024-10-15 18:48:55 INFO  o.h.e.t.j.p.i.JtaPlatformInitiator - HHH000489: No JTA platform available (set 'hibernate.transaction.jta.platform' to enable JTA platform integration)
2024-10-15 18:48:55 INFO  o.s.o.j.LocalContainerEntityManagerFactoryBean - Initialized JPA EntityManagerFactory for persistence unit 'default'
2024-10-15 18:48:55 INFO  o.s.d.j.r.query.QueryEnhancerFactory - Hibernate is in classpath; If applicable, HQL parser will be used.
2024-10-15 18:48:55 WARN  o.s.b.a.o.j.JpaBaseConfiguration$JpaWebConfiguration - spring.jpa.open-in-view is enabled by default. Therefore, database queries may be performed during view rendering. Explicitly configure spring.jpa.open-in-view to disable this warning
2024-10-15 18:48:55 INFO  o.s.b.a.w.s.WelcomePageHandlerMapping - Adding welcome page: class path resource [static/index.html]
2024-10-15 18:48:56 INFO  o.s.b.d.a.OptionalLiveReloadServer - LiveReload server is running on port 35729
2024-10-15 18:48:56 INFO  o.a.coyote.http11.Http11NioProtocol - Starting ProtocolHandler ["http-nio-8080"]
2024-10-15 18:48:56 INFO  o.s.b.w.e.tomcat.TomcatWebServer - Tomcat started on port 8080 (http) with context path ''
2024-10-15 18:48:56 INFO  c.a.backendv1.Backendv1Application - Started Backendv1Application in 3.157 seconds (process running for 4.113)
2024-10-15 18:49:16 INFO  o.a.c.c.C.[Tomcat].[localhost].[/] - Initializing Spring DispatcherServlet 'dispatcherServlet'
2024-10-15 18:49:16 INFO  o.s.web.servlet.DispatcherServlet - Initializing Servlet 'dispatcherServlet'
2024-10-15 18:49:16 INFO  o.s.web.servlet.DispatcherServlet - Completed initialization in 4 ms
2024-10-15 18:49:16 ERROR c.a.backendv1.Util.LoggerUtil - Error occurred on path: /backendv1/src/main/resources/static/css/css/teststyle.css, with CorrelationId: 37f07945-40b7-4122-9792-8a7a41bcc478, Error: No static resource backendv1/src/main/resources/static/css/css/teststyle.css.
2024-10-15 18:49:16 WARN  o.s.w.s.m.m.a.ExceptionHandlerExceptionResolver - Resolved [org.springframework.web.servlet.resource.NoResourceFoundException: No static resource backendv1/src/main/resources/static/css/css/teststyle.css.]
2024-10-15 18:50:28 ERROR c.a.backendv1.Util.LoggerUtil - Error occurred on path: /backendv1/src/main/resources/static/css/css/teststyle.css, with CorrelationId: 852ee8df-c862-4156-bedb-126795b1c1b5, Error: No static resource backendv1/src/main/resources/static/css/css/teststyle.css.
2024-10-15 18:50:28 WARN  o.s.w.s.m.m.a.ExceptionHandlerExceptionResolver - Resolved [org.springframework.web.servlet.resource.NoResourceFoundException: No static resource backendv1/src/main/resources/static/css/css/teststyle.css.]
2024-10-15 18:50:29 ERROR c.a.backendv1.Util.LoggerUtil - Error occurred on path: /backendv1/src/main/resources/static/css/css/teststyle.css, with CorrelationId: d3290dcc-ccec-4cfe-b2a9-d4b4f713c366, Error: No static resource backendv1/src/main/resources/static/css/css/teststyle.css.
2024-10-15 18:50:29 WARN  o.s.w.s.m.m.a.ExceptionHandlerExceptionResolver - Resolved [org.springframework.web.servlet.resource.NoResourceFoundException: No static resource backendv1/src/main/resources/static/css/css/teststyle.css.]
2024-10-15 19:02:59 ERROR c.a.backendv1.Util.LoggerUtil - Error occurred on path: /js/modules/templates/include-menu.js, with CorrelationId: f0570a04-6f69-472a-96c2-d41a397b75d0, Error: No static resource js/modules/templates/include-menu.js.
2024-10-15 19:02:59 WARN  o.s.w.s.m.m.a.ExceptionHandlerExceptionResolver - Resolved [org.springframework.web.servlet.resource.NoResourceFoundException: No static resource js/modules/templates/include-menu.js.]
2024-10-15 19:05:40 ERROR c.a.backendv1.Util.LoggerUtil - Error occurred on path: /templates/menu.html, with CorrelationId: cd15313c-8417-4cf3-a213-e42acea0ba63, Error: No static resource templates/menu.html.
2024-10-15 19:05:40 WARN  o.s.w.s.m.m.a.ExceptionHandlerExceptionResolver - Resolved [org.springframework.web.servlet.resource.NoResourceFoundException: No static resource templates/menu.html.]
2024-10-15 19:05:41 ERROR c.a.backendv1.Util.LoggerUtil - Error occurred on path: /templates/menu.html, with CorrelationId: 9381e83b-c474-4a8f-a909-ab8221cc7ac9, Error: No static resource templates/menu.html.
2024-10-15 19:05:41 WARN  o.s.w.s.m.m.a.ExceptionHandlerExceptionResolver - Resolved [org.springframework.web.servlet.resource.NoResourceFoundException: No static resource templates/menu.html.]
2024-10-15 19:06:05 ERROR c.a.backendv1.Util.LoggerUtil - Error occurred on path: /templates/menu.html, with CorrelationId: ab177a11-35e0-49b7-943e-03c0e1299589, Error: No static resource templates/menu.html.
2024-10-15 19:06:05 WARN  o.s.w.s.m.m.a.ExceptionHandlerExceptionResolver - Resolved [org.springframework.web.servlet.resource.NoResourceFoundException: No static resource templates/menu.html.]
2024-10-15 19:07:21 ERROR c.a.backendv1.Util.LoggerUtil - Error occurred on path: /templates/menu.html, with CorrelationId: 451d04d5-ec5e-41e8-bc29-59e0f40dac13, Error: No static resource templates/menu.html.
2024-10-15 19:07:21 WARN  o.s.w.s.m.m.a.ExceptionHandlerExceptionResolver - Resolved [org.springframework.web.servlet.resource.NoResourceFoundException: No static resource templates/menu.html.]
2024-10-15 19:07:59 ERROR c.a.backendv1.Util.LoggerUtil - Error occurred on path: /templates/menu.html, with CorrelationId: 672448cd-9f38-4ede-8cca-3376d8c7800e, Error: No static resource templates/menu.html.
2024-10-15 19:07:59 WARN  o.s.w.s.m.m.a.ExceptionHandlerExceptionResolver - Resolved [org.springframework.web.servlet.resource.NoResourceFoundException: No static resource templates/menu.html.]
2024-10-15 19:08:30 ERROR c.a.backendv1.Util.LoggerUtil - Error occurred on path: /templates/menu.html, with CorrelationId: 6bf6d4bf-b1a7-482e-b97f-be266e0e129a, Error: No static resource templates/menu.html.
2024-10-15 19:08:30 WARN  o.s.w.s.m.m.a.ExceptionHandlerExceptionResolver - Resolved [org.springframework.web.servlet.resource.NoResourceFoundException: No static resource templates/menu.html.]
2024-10-15 19:08:31 ERROR c.a.backendv1.Util.LoggerUtil - Error occurred on path: /templates/menu.html, with CorrelationId: a112c049-1a0a-4f50-8b4f-b0ae94b4dffd, Error: No static resource templates/menu.html.
2024-10-15 19:08:31 WARN  o.s.w.s.m.m.a.ExceptionHandlerExceptionResolver - Resolved [org.springframework.web.servlet.resource.NoResourceFoundException: No static resource templates/menu.html.]
2024-10-15 19:08:32 ERROR c.a.backendv1.Util.LoggerUtil - Error occurred on path: /templates/menu.html, with CorrelationId: 4a412b2e-c533-4565-bd62-9aa2651c1d1d, Error: No static resource templates/menu.html.
2024-10-15 19:08:32 WARN  o.s.w.s.m.m.a.ExceptionHandlerExceptionResolver - Resolved [org.springframework.web.servlet.resource.NoResourceFoundException: No static resource templates/menu.html.]
2024-10-15 19:08:32 ERROR c.a.backendv1.Util.LoggerUtil - Error occurred on path: /templates/menu.html, with CorrelationId: 8d6d1d56-c6c0-4eb9-9cbd-2136df1ace6a, Error: No static resource templates/menu.html.
2024-10-15 19:08:32 WARN  o.s.w.s.m.m.a.ExceptionHandlerExceptionResolver - Resolved [org.springframework.web.servlet.resource.NoResourceFoundException: No static resource templates/menu.html.]
2024-10-15 19:08:37 ERROR c.a.backendv1.Util.LoggerUtil - Error occurred on path: /templates/menu.html, with CorrelationId: ab8aad5c-9ac5-4a7b-b1ca-adc775e486f7, Error: No static resource templates/menu.html.
2024-10-15 19:08:37 WARN  o.s.w.s.m.m.a.ExceptionHandlerExceptionResolver - Resolved [org.springframework.web.servlet.resource.NoResourceFoundException: No static resource templates/menu.html.]
2024-10-15 19:08:38 ERROR c.a.backendv1.Util.LoggerUtil - Error occurred on path: /templates/menu.html, with CorrelationId: 913b06c3-3132-4baf-b2b7-15c48c1755f3, Error: No static resource templates/menu.html.
2024-10-15 19:08:38 WARN  o.s.w.s.m.m.a.ExceptionHandlerExceptionResolver - Resolved [org.springframework.web.servlet.resource.NoResourceFoundException: No static resource templates/menu.html.]
2024-10-15 19:08:38 ERROR c.a.backendv1.Util.LoggerUtil - Error occurred on path: /templates/menu.html, with CorrelationId: 3ca98b54-b3a8-4d3c-a580-ca42c45300da, Error: No static resource templates/menu.html.
2024-10-15 19:08:38 WARN  o.s.w.s.m.m.a.ExceptionHandlerExceptionResolver - Resolved [org.springframework.web.servlet.resource.NoResourceFoundException: No static resource templates/menu.html.]
2024-10-15 19:08:39 ERROR c.a.backendv1.Util.LoggerUtil - Error occurred on path: /templates/menu.html, with CorrelationId: b99fd2d3-75b4-410b-8705-234ebb031cc3, Error: No static resource templates/menu.html.
2024-10-15 19:08:39 WARN  o.s.w.s.m.m.a.ExceptionHandlerExceptionResolver - Resolved [org.springframework.web.servlet.resource.NoResourceFoundException: No static resource templates/menu.html.]
2024-10-15 19:08:46 ERROR c.a.backendv1.Util.LoggerUtil - Error occurred on path: /templates/menu.html, with CorrelationId: 55d036fe-3f71-44d0-9651-158c684787da, Error: No static resource templates/menu.html.
2024-10-15 19:08:46 WARN  o.s.w.s.m.m.a.ExceptionHandlerExceptionResolver - Resolved [org.springframework.web.servlet.resource.NoResourceFoundException: No static resource templates/menu.html.]
2024-10-15 19:08:46 ERROR c.a.backendv1.Util.LoggerUtil - Error occurred on path: /templates/menu.html, with CorrelationId: 31f1bfdd-5ccf-42b7-871b-5c1c0db00e1f, Error: No static resource templates/menu.html.
2024-10-15 19:08:46 WARN  o.s.w.s.m.m.a.ExceptionHandlerExceptionResolver - Resolved [org.springframework.web.servlet.resource.NoResourceFoundException: No static resource templates/menu.html.]
2024-10-15 19:08:47 ERROR c.a.backendv1.Util.LoggerUtil - Error occurred on path: /templates/menu.html, with CorrelationId: e83536f4-be5a-48f9-b442-89aef1c93126, Error: No static resource templates/menu.html.
2024-10-15 19:08:47 WARN  o.s.w.s.m.m.a.ExceptionHandlerExceptionResolver - Resolved [org.springframework.web.servlet.resource.NoResourceFoundException: No static resource templates/menu.html.]
2024-10-15 19:08:50 ERROR c.a.backendv1.Util.LoggerUtil - Error occurred on path: /templates/menu.html, with CorrelationId: 9a8b4d3d-fdab-4c35-ba1d-47dfdac1e89e, Error: No static resource templates/menu.html.
2024-10-15 19:08:50 WARN  o.s.w.s.m.m.a.ExceptionHandlerExceptionResolver - Resolved [org.springframework.web.servlet.resource.NoResourceFoundException: No static resource templates/menu.html.]
2024-10-15 19:08:57 ERROR c.a.backendv1.Util.LoggerUtil - Error occurred on path: /templates/menu.html, with CorrelationId: 4ce024ed-2990-4eb6-8664-2dd308bcaa31, Error: No static resource templates/menu.html.
2024-10-15 19:08:57 WARN  o.s.w.s.m.m.a.ExceptionHandlerExceptionResolver - Resolved [org.springframework.web.servlet.resource.NoResourceFoundException: No static resource templates/menu.html.]
2024-10-15 19:08:58 ERROR c.a.backendv1.Util.LoggerUtil - Error occurred on path: /templates/menu.html, with CorrelationId: 2a485b07-01ca-4471-be97-7c08ffb929ef, Error: No static resource templates/menu.html.
2024-10-15 19:08:58 WARN  o.s.w.s.m.m.a.ExceptionHandlerExceptionResolver - Resolved [org.springframework.web.servlet.resource.NoResourceFoundException: No static resource templates/menu.html.]
2024-10-15 19:10:51 ERROR c.a.backendv1.Util.LoggerUtil - Error occurred on path: /templates/menu.html, with CorrelationId: 6d676e90-0185-4ae7-8995-a93fb6e4c446, Error: No static resource templates/menu.html.
2024-10-15 19:10:51 WARN  o.s.w.s.m.m.a.ExceptionHandlerExceptionResolver - Resolved [org.springframework.web.servlet.resource.NoResourceFoundException: No static resource templates/menu.html.]
2024-10-15 19:10:52 ERROR c.a.backendv1.Util.LoggerUtil - Error occurred on path: /templates/menu.html, with CorrelationId: 7e218fee-d571-401c-8624-5da42e627c8b, Error: No static resource templates/menu.html.
2024-10-15 19:10:52 WARN  o.s.w.s.m.m.a.ExceptionHandlerExceptionResolver - Resolved [org.springframework.web.servlet.resource.NoResourceFoundException: No static resource templates/menu.html.]
2024-10-15 19:10:53 ERROR c.a.backendv1.Util.LoggerUtil - Error occurred on path: /templates/menu.html, with CorrelationId: b017535f-5475-4958-b7eb-0faf78423aa3, Error: No static resource templates/menu.html.
2024-10-15 19:10:53 WARN  o.s.w.s.m.m.a.ExceptionHandlerExceptionResolver - Resolved [org.springframework.web.servlet.resource.NoResourceFoundException: No static resource templates/menu.html.]
2024-10-15 19:10:53 ERROR c.a.backendv1.Util.LoggerUtil - Error occurred on path: /templates/menu.html, with CorrelationId: 7c0c432b-7deb-4b83-84dd-5b13da71d733, Error: No static resource templates/menu.html.
2024-10-15 19:10:53 WARN  o.s.w.s.m.m.a.ExceptionHandlerExceptionResolver - Resolved [org.springframework.web.servlet.resource.NoResourceFoundException: No static resource templates/menu.html.]
2024-10-15 19:10:54 ERROR c.a.backendv1.Util.LoggerUtil - Error occurred on path: /templates/menu.html, with CorrelationId: 003394f9-61ac-49fc-aade-6ae86e133771, Error: No static resource templates/menu.html.
2024-10-15 19:10:54 WARN  o.s.w.s.m.m.a.ExceptionHandlerExceptionResolver - Resolved [org.springframework.web.servlet.resource.NoResourceFoundException: No static resource templates/menu.html.]
2024-10-15 19:10:55 ERROR c.a.backendv1.Util.LoggerUtil - Error occurred on path: /templates/menu.html, with CorrelationId: 10d09c4d-c655-41d0-863c-623fa8c2c712, Error: No static resource templates/menu.html.
2024-10-15 19:10:55 WARN  o.s.w.s.m.m.a.ExceptionHandlerExceptionResolver - Resolved [org.springframework.web.servlet.resource.NoResourceFoundException: No static resource templates/menu.html.]
2024-10-15 19:11:26 INFO  o.s.o.j.LocalContainerEntityManagerFactoryBean - Closing JPA EntityManagerFactory for persistence unit 'default'
2024-10-15 19:11:26 INFO  com.zaxxer.hikari.HikariDataSource - HikariPool-1 - Shutdown initiated...
2024-10-15 19:11:26 INFO  com.zaxxer.hikari.HikariDataSource - HikariPool-1 - Shutdown completed.
2024-10-15 19:12:21 INFO  c.a.backendv1.Backendv1Application - Starting Backendv1Application using Java 22.0.1 with PID 82103 (/Users/sergiovinicio/Documents/GitHub/myApp/target/classes started by sergiovinicio in /Users/sergiovinicio/Documents/GitHub/myApp)
2024-10-15 19:12:21 INFO  c.a.backendv1.Backendv1Application - No active profile set, falling back to 1 default profile: "default"
2024-10-15 19:12:21 INFO  o.s.b.d.e.DevToolsPropertyDefaultsPostProcessor - Devtools property defaults active! Set 'spring.devtools.add-properties' to 'false' to disable
2024-10-15 19:12:21 INFO  o.s.b.d.e.DevToolsPropertyDefaultsPostProcessor - For additional web related logging consider setting the 'logging.level.web' property to 'DEBUG'
2024-10-15 19:12:21 INFO  o.s.d.r.c.RepositoryConfigurationDelegate - Bootstrapping Spring Data JPA repositories in DEFAULT mode.
2024-10-15 19:12:21 INFO  o.s.d.r.c.RepositoryConfigurationDelegate - Finished Spring Data repository scanning in 31 ms. Found 6 JPA repository interfaces.
2024-10-15 19:12:21 INFO  o.s.b.w.e.tomcat.TomcatWebServer - Tomcat initialized with port 8080 (http)
2024-10-15 19:12:21 INFO  o.a.coyote.http11.Http11NioProtocol - Initializing ProtocolHandler ["http-nio-8080"]
2024-10-15 19:12:21 INFO  o.a.catalina.core.StandardService - Starting service [Tomcat]
2024-10-15 19:12:21 INFO  o.a.catalina.core.StandardEngine - Starting Servlet engine: [Apache Tomcat/10.1.20]
2024-10-15 19:12:21 INFO  o.a.c.c.C.[Tomcat].[localhost].[/] - Initializing Spring embedded WebApplicationContext
2024-10-15 19:12:21 INFO  o.s.b.w.s.c.ServletWebServerApplicationContext - Root WebApplicationContext: initialization completed in 740 ms
2024-10-15 19:12:21 INFO  com.zaxxer.hikari.HikariDataSource - HikariPool-1 - Starting...
2024-10-15 19:12:22 INFO  com.zaxxer.hikari.pool.HikariPool - HikariPool-1 - Added connection com.mysql.cj.jdbc.ConnectionImpl@12f61682
2024-10-15 19:12:22 INFO  com.zaxxer.hikari.HikariDataSource - HikariPool-1 - Start completed.
2024-10-15 19:12:22 INFO  o.h.jpa.internal.util.LogHelper - HHH000204: Processing PersistenceUnitInfo [name: default]
2024-10-15 19:12:22 INFO  org.hibernate.Version - HHH000412: Hibernate ORM core version 6.4.4.Final
2024-10-15 19:12:22 INFO  o.h.c.i.RegionFactoryInitiator - HHH000026: Second-level cache disabled
2024-10-15 19:12:22 INFO  o.s.o.j.p.SpringPersistenceUnitInfo - No LoadTimeWeaver setup: ignoring JPA class transformer
2024-10-15 19:12:23 INFO  o.h.e.t.j.p.i.JtaPlatformInitiator - HHH000489: No JTA platform available (set 'hibernate.transaction.jta.platform' to enable JTA platform integration)
2024-10-15 19:12:23 INFO  o.s.o.j.LocalContainerEntityManagerFactoryBean - Initialized JPA EntityManagerFactory for persistence unit 'default'
2024-10-15 19:12:23 INFO  o.s.d.j.r.query.QueryEnhancerFactory - Hibernate is in classpath; If applicable, HQL parser will be used.
2024-10-15 19:12:23 WARN  o.s.b.a.o.j.JpaBaseConfiguration$JpaWebConfiguration - spring.jpa.open-in-view is enabled by default. Therefore, database queries may be performed during view rendering. Explicitly configure spring.jpa.open-in-view to disable this warning
2024-10-15 19:12:23 INFO  o.s.b.a.w.s.WelcomePageHandlerMapping - Adding welcome page: class path resource [static/index.html]
2024-10-15 19:12:23 INFO  o.s.b.d.a.OptionalLiveReloadServer - LiveReload server is running on port 35729
2024-10-15 19:12:23 INFO  o.a.coyote.http11.Http11NioProtocol - Starting ProtocolHandler ["http-nio-8080"]
2024-10-15 19:12:23 INFO  o.s.b.w.e.tomcat.TomcatWebServer - Tomcat started on port 8080 (http) with context path ''
2024-10-15 19:12:23 INFO  c.a.backendv1.Backendv1Application - Started Backendv1Application in 3.037 seconds (process running for 3.706)
2024-10-15 19:12:28 INFO  o.a.c.c.C.[Tomcat].[localhost].[/] - Initializing Spring DispatcherServlet 'dispatcherServlet'
2024-10-15 19:12:28 INFO  o.s.web.servlet.DispatcherServlet - Initializing Servlet 'dispatcherServlet'
2024-10-15 19:12:28 INFO  o.s.web.servlet.DispatcherServlet - Completed initialization in 3 ms
2024-10-15 19:22:15 ERROR c.a.backendv1.Util.LoggerUtil - Error occurred on path: /layouts/menu.html, with CorrelationId: f2e1be7e-28d4-49d3-91ac-9547d96050cc, Error: No static resource layouts/menu.html.
2024-10-15 19:22:15 WARN  o.s.w.s.m.m.a.ExceptionHandlerExceptionResolver - Resolved [org.springframework.web.servlet.resource.NoResourceFoundException: No static resource layouts/menu.html.]
2024-10-15 20:03:58 INFO  o.s.o.j.LocalContainerEntityManagerFactoryBean - Closing JPA EntityManagerFactory for persistence unit 'default'
2024-10-15 20:03:58 INFO  com.zaxxer.hikari.HikariDataSource - HikariPool-1 - Shutdown initiated...
2024-10-15 20:03:58 INFO  com.zaxxer.hikari.HikariDataSource - HikariPool-1 - Shutdown completed.
2024-10-15 20:06:18 INFO  c.a.backendv1.Backendv1Application - Starting Backendv1Application using Java 22.0.1 with PID 84535 (/Users/sergiovinicio/Documents/GitHub/myApp/target/classes started by sergiovinicio in /Users/sergiovinicio/Documents/GitHub/myApp)
2024-10-15 20:06:18 INFO  c.a.backendv1.Backendv1Application - No active profile set, falling back to 1 default profile: "default"
2024-10-15 20:06:18 INFO  o.s.b.d.e.DevToolsPropertyDefaultsPostProcessor - Devtools property defaults active! Set 'spring.devtools.add-properties' to 'false' to disable
2024-10-15 20:06:18 INFO  o.s.b.d.e.DevToolsPropertyDefaultsPostProcessor - For additional web related logging consider setting the 'logging.level.web' property to 'DEBUG'
2024-10-15 20:06:18 INFO  o.s.d.r.c.RepositoryConfigurationDelegate - Bootstrapping Spring Data JPA repositories in DEFAULT mode.
2024-10-15 20:06:18 INFO  o.s.d.r.c.RepositoryConfigurationDelegate - Finished Spring Data repository scanning in 32 ms. Found 6 JPA repository interfaces.
2024-10-15 20:06:19 INFO  o.s.b.w.e.tomcat.TomcatWebServer - Tomcat initialized with port 8080 (http)
2024-10-15 20:06:19 INFO  o.a.coyote.http11.Http11NioProtocol - Initializing ProtocolHandler ["http-nio-8080"]
2024-10-15 20:06:19 INFO  o.a.catalina.core.StandardService - Starting service [Tomcat]
2024-10-15 20:06:19 INFO  o.a.catalina.core.StandardEngine - Starting Servlet engine: [Apache Tomcat/10.1.20]
2024-10-15 20:06:19 INFO  o.a.c.c.C.[Tomcat].[localhost].[/] - Initializing Spring embedded WebApplicationContext
2024-10-15 20:06:19 INFO  o.s.b.w.s.c.ServletWebServerApplicationContext - Root WebApplicationContext: initialization completed in 748 ms
2024-10-15 20:06:19 INFO  com.zaxxer.hikari.HikariDataSource - HikariPool-1 - Starting...
2024-10-15 20:06:19 INFO  com.zaxxer.hikari.pool.HikariPool - HikariPool-1 - Added connection com.mysql.cj.jdbc.ConnectionImpl@4c5428bd
2024-10-15 20:06:19 INFO  com.zaxxer.hikari.HikariDataSource - HikariPool-1 - Start completed.
2024-10-15 20:06:19 INFO  o.h.jpa.internal.util.LogHelper - HHH000204: Processing PersistenceUnitInfo [name: default]
2024-10-15 20:06:19 INFO  org.hibernate.Version - HHH000412: Hibernate ORM core version 6.4.4.Final
2024-10-15 20:06:19 INFO  o.h.c.i.RegionFactoryInitiator - HHH000026: Second-level cache disabled
2024-10-15 20:06:19 INFO  o.s.o.j.p.SpringPersistenceUnitInfo - No LoadTimeWeaver setup: ignoring JPA class transformer
2024-10-15 20:06:20 INFO  o.h.e.t.j.p.i.JtaPlatformInitiator - HHH000489: No JTA platform available (set 'hibernate.transaction.jta.platform' to enable JTA platform integration)
2024-10-15 20:06:20 INFO  o.s.o.j.LocalContainerEntityManagerFactoryBean - Initialized JPA EntityManagerFactory for persistence unit 'default'
2024-10-15 20:06:20 INFO  o.s.d.j.r.query.QueryEnhancerFactory - Hibernate is in classpath; If applicable, HQL parser will be used.
2024-10-15 20:06:21 WARN  o.s.b.a.o.j.JpaBaseConfiguration$JpaWebConfiguration - spring.jpa.open-in-view is enabled by default. Therefore, database queries may be performed during view rendering. Explicitly configure spring.jpa.open-in-view to disable this warning
2024-10-15 20:06:21 INFO  o.s.b.a.w.s.WelcomePageHandlerMapping - Adding welcome page: class path resource [static/index.html]
2024-10-15 20:06:21 INFO  o.s.b.d.a.OptionalLiveReloadServer - LiveReload server is running on port 35729
2024-10-15 20:06:21 INFO  o.a.coyote.http11.Http11NioProtocol - Starting ProtocolHandler ["http-nio-8080"]
2024-10-15 20:06:21 INFO  o.s.b.w.e.tomcat.TomcatWebServer - Tomcat started on port 8080 (http) with context path ''
2024-10-15 20:06:21 INFO  c.a.backendv1.Backendv1Application - Started Backendv1Application in 3.177 seconds (process running for 3.831)
2024-10-15 20:06:24 INFO  o.a.c.c.C.[Tomcat].[localhost].[/] - Initializing Spring DispatcherServlet 'dispatcherServlet'
2024-10-15 20:06:24 INFO  o.s.web.servlet.DispatcherServlet - Initializing Servlet 'dispatcherServlet'
2024-10-15 20:06:24 INFO  o.s.web.servlet.DispatcherServlet - Completed initialization in 3 ms
2024-10-15 20:10:59 ERROR c.a.backendv1.Util.LoggerUtil - Error occurred on path: /layouts/menu.html, with CorrelationId: 8ba29782-eeab-4630-973b-04074cf64e7a, Error: No static resource layouts/menu.html.
2024-10-15 20:10:59 WARN  o.s.w.s.m.m.a.ExceptionHandlerExceptionResolver - Resolved [org.springframework.web.servlet.resource.NoResourceFoundException: No static resource layouts/menu.html.]
2024-10-15 20:20:15 INFO  o.s.o.j.LocalContainerEntityManagerFactoryBean - Closing JPA EntityManagerFactory for persistence unit 'default'
2024-10-15 20:20:15 INFO  com.zaxxer.hikari.HikariDataSource - HikariPool-1 - Shutdown initiated...
2024-10-15 20:20:15 INFO  com.zaxxer.hikari.HikariDataSource - HikariPool-1 - Shutdown completed.
2024-10-15 20:47:58 INFO  c.a.backendv1.Backendv1Application - Starting Backendv1Application using Java 22.0.1 with PID 85427 (/Users/sergiovinicio/Documents/GitHub/myApp/target/classes started by sergiovinicio in /Users/sergiovinicio/Documents/GitHub/myApp)
2024-10-15 20:47:58 INFO  c.a.backendv1.Backendv1Application - No active profile set, falling back to 1 default profile: "default"
2024-10-15 20:47:59 INFO  o.s.b.d.e.DevToolsPropertyDefaultsPostProcessor - Devtools property defaults active! Set 'spring.devtools.add-properties' to 'false' to disable
2024-10-15 20:47:59 INFO  o.s.b.d.e.DevToolsPropertyDefaultsPostProcessor - For additional web related logging consider setting the 'logging.level.web' property to 'DEBUG'
2024-10-15 20:47:59 INFO  o.s.d.r.c.RepositoryConfigurationDelegate - Bootstrapping Spring Data JPA repositories in DEFAULT mode.
2024-10-15 20:47:59 INFO  o.s.d.r.c.RepositoryConfigurationDelegate - Finished Spring Data repository scanning in 39 ms. Found 6 JPA repository interfaces.
2024-10-15 20:47:59 INFO  o.s.b.w.e.tomcat.TomcatWebServer - Tomcat initialized with port 8080 (http)
2024-10-15 20:47:59 INFO  o.a.coyote.http11.Http11NioProtocol - Initializing ProtocolHandler ["http-nio-8080"]
2024-10-15 20:47:59 INFO  o.a.catalina.core.StandardService - Starting service [Tomcat]
2024-10-15 20:47:59 INFO  o.a.catalina.core.StandardEngine - Starting Servlet engine: [Apache Tomcat/10.1.20]
2024-10-15 20:47:59 INFO  o.a.c.c.C.[Tomcat].[localhost].[/] - Initializing Spring embedded WebApplicationContext
2024-10-15 20:47:59 INFO  o.s.b.w.s.c.ServletWebServerApplicationContext - Root WebApplicationContext: initialization completed in 866 ms
2024-10-15 20:47:59 INFO  com.zaxxer.hikari.HikariDataSource - HikariPool-1 - Starting...
2024-10-15 20:48:00 INFO  com.zaxxer.hikari.pool.HikariPool - HikariPool-1 - Added connection com.mysql.cj.jdbc.ConnectionImpl@7ffeeb9f
2024-10-15 20:48:00 INFO  com.zaxxer.hikari.HikariDataSource - HikariPool-1 - Start completed.
2024-10-15 20:48:00 INFO  o.h.jpa.internal.util.LogHelper - HHH000204: Processing PersistenceUnitInfo [name: default]
2024-10-15 20:48:00 INFO  org.hibernate.Version - HHH000412: Hibernate ORM core version 6.4.4.Final
2024-10-15 20:48:00 INFO  o.h.c.i.RegionFactoryInitiator - HHH000026: Second-level cache disabled
2024-10-15 20:48:00 INFO  o.s.o.j.p.SpringPersistenceUnitInfo - No LoadTimeWeaver setup: ignoring JPA class transformer
2024-10-15 20:48:01 INFO  o.h.e.t.j.p.i.JtaPlatformInitiator - HHH000489: No JTA platform available (set 'hibernate.transaction.jta.platform' to enable JTA platform integration)
2024-10-15 20:48:01 INFO  o.s.o.j.LocalContainerEntityManagerFactoryBean - Initialized JPA EntityManagerFactory for persistence unit 'default'
2024-10-15 20:48:01 INFO  o.s.d.j.r.query.QueryEnhancerFactory - Hibernate is in classpath; If applicable, HQL parser will be used.
2024-10-15 20:48:02 WARN  o.s.b.a.o.j.JpaBaseConfiguration$JpaWebConfiguration - spring.jpa.open-in-view is enabled by default. Therefore, database queries may be performed during view rendering. Explicitly configure spring.jpa.open-in-view to disable this warning
2024-10-15 20:48:02 INFO  o.s.b.a.w.s.WelcomePageHandlerMapping - Adding welcome page: class path resource [static/index.html]
2024-10-15 20:48:02 INFO  o.s.b.d.a.OptionalLiveReloadServer - LiveReload server is running on port 35729
2024-10-15 20:48:02 INFO  o.a.coyote.http11.Http11NioProtocol - Starting ProtocolHandler ["http-nio-8080"]
2024-10-15 20:48:02 INFO  o.s.b.w.e.tomcat.TomcatWebServer - Tomcat started on port 8080 (http) with context path ''
2024-10-15 20:48:02 INFO  c.a.backendv1.Backendv1Application - Started Backendv1Application in 3.834 seconds (process running for 4.626)
2024-10-15 20:48:04 INFO  o.a.c.c.C.[Tomcat].[localhost].[/] - Initializing Spring DispatcherServlet 'dispatcherServlet'
2024-10-15 20:48:04 INFO  o.s.web.servlet.DispatcherServlet - Initializing Servlet 'dispatcherServlet'
2024-10-15 20:48:04 INFO  o.s.web.servlet.DispatcherServlet - Completed initialization in 2 ms
2024-10-15 21:00:02 ERROR c.a.backendv1.Util.LoggerUtil - Error occurred on path: /api/v1/create-customer, with CorrelationId: 9ce0e614-c7d9-47b2-a800-d09c6f89f759, Error: No static resource api/v1/create-customer.
2024-10-15 21:00:02 WARN  o.s.w.s.m.m.a.ExceptionHandlerExceptionResolver - Resolved [org.springframework.web.servlet.resource.NoResourceFoundException: No static resource api/v1/create-customer.]
2024-10-15 21:05:18 INFO  c.a.backendv1.Util.LoggerUtil - Customer saved successfully: Customer{ID=69, firstName='Sergio ', lastName='', phoneNumber='', additionalInfo='', city='Capinpolis - MG'}
2024-10-15 21:07:10 INFO  c.a.backendv1.Util.LoggerUtil - Customer saved successfully: Customer{ID=70, firstName='', lastName='', phoneNumber='', additionalInfo='', city='null'}
2024-10-15 21:07:43 INFO  c.a.backendv1.Util.LoggerUtil - Customer saved successfully: Customer{ID=71, firstName='', lastName='', phoneNumber='', additionalInfo='', city='null'}
2024-10-15 21:16:11 INFO  o.s.o.j.LocalContainerEntityManagerFactoryBean - Closing JPA EntityManagerFactory for persistence unit 'default'
2024-10-15 21:16:11 INFO  com.zaxxer.hikari.HikariDataSource - HikariPool-1 - Shutdown initiated...
2024-10-15 21:16:11 INFO  com.zaxxer.hikari.HikariDataSource - HikariPool-1 - Shutdown completed.
2024-10-15 21:21:15 INFO  c.a.backendv1.Backendv1Application - Starting Backendv1Application using Java 22.0.1 with PID 86715 (/Users/sergiovinicio/Documents/GitHub/myApp/target/classes started by sergiovinicio in /Users/sergiovinicio/Documents/GitHub/myApp)
2024-10-15 21:21:15 INFO  c.a.backendv1.Backendv1Application - No active profile set, falling back to 1 default profile: "default"
2024-10-15 21:21:15 INFO  o.s.b.d.e.DevToolsPropertyDefaultsPostProcessor - Devtools property defaults active! Set 'spring.devtools.add-properties' to 'false' to disable
2024-10-15 21:21:15 INFO  o.s.b.d.e.DevToolsPropertyDefaultsPostProcessor - For additional web related logging consider setting the 'logging.level.web' property to 'DEBUG'
2024-10-15 21:21:15 INFO  o.s.d.r.c.RepositoryConfigurationDelegate - Bootstrapping Spring Data JPA repositories in DEFAULT mode.
2024-10-15 21:21:16 INFO  o.s.d.r.c.RepositoryConfigurationDelegate - Finished Spring Data repository scanning in 61 ms. Found 6 JPA repository interfaces.
2024-10-15 21:21:16 INFO  o.s.b.w.e.tomcat.TomcatWebServer - Tomcat initialized with port 8080 (http)
2024-10-15 21:21:16 INFO  o.a.coyote.http11.Http11NioProtocol - Initializing ProtocolHandler ["http-nio-8080"]
2024-10-15 21:21:16 INFO  o.a.catalina.core.StandardService - Starting service [Tomcat]
2024-10-15 21:21:16 INFO  o.a.catalina.core.StandardEngine - Starting Servlet engine: [Apache Tomcat/10.1.20]
2024-10-15 21:21:16 INFO  o.a.c.c.C.[Tomcat].[localhost].[/] - Initializing Spring embedded WebApplicationContext
2024-10-15 21:21:16 INFO  o.s.b.w.s.c.ServletWebServerApplicationContext - Root WebApplicationContext: initialization completed in 1307 ms
2024-10-15 21:21:16 INFO  com.zaxxer.hikari.HikariDataSource - HikariPool-1 - Starting...
2024-10-15 21:21:17 INFO  com.zaxxer.hikari.pool.HikariPool - HikariPool-1 - Added connection com.mysql.cj.jdbc.ConnectionImpl@72ed695d
2024-10-15 21:21:17 INFO  com.zaxxer.hikari.HikariDataSource - HikariPool-1 - Start completed.
2024-10-15 21:21:17 INFO  o.h.jpa.internal.util.LogHelper - HHH000204: Processing PersistenceUnitInfo [name: default]
2024-10-15 21:21:17 INFO  org.hibernate.Version - HHH000412: Hibernate ORM core version 6.4.4.Final
2024-10-15 21:21:17 INFO  o.h.c.i.RegionFactoryInitiator - HHH000026: Second-level cache disabled
2024-10-15 21:21:17 INFO  o.s.o.j.p.SpringPersistenceUnitInfo - No LoadTimeWeaver setup: ignoring JPA class transformer
2024-10-15 21:21:17 INFO  o.h.e.t.j.p.i.JtaPlatformInitiator - HHH000489: No JTA platform available (set 'hibernate.transaction.jta.platform' to enable JTA platform integration)
2024-10-15 21:21:18 INFO  o.s.o.j.LocalContainerEntityManagerFactoryBean - Initialized JPA EntityManagerFactory for persistence unit 'default'
2024-10-15 21:21:18 INFO  o.s.d.j.r.query.QueryEnhancerFactory - Hibernate is in classpath; If applicable, HQL parser will be used.
2024-10-15 21:21:18 WARN  o.s.b.a.o.j.JpaBaseConfiguration$JpaWebConfiguration - spring.jpa.open-in-view is enabled by default. Therefore, database queries may be performed during view rendering. Explicitly configure spring.jpa.open-in-view to disable this warning
2024-10-15 21:21:18 INFO  o.s.b.a.w.s.WelcomePageHandlerMapping - Adding welcome page: class path resource [static/index.html]
2024-10-15 21:21:18 INFO  o.s.b.d.a.OptionalLiveReloadServer - LiveReload server is running on port 35729
2024-10-15 21:21:18 INFO  o.a.coyote.http11.Http11NioProtocol - Starting ProtocolHandler ["http-nio-8080"]
2024-10-15 21:21:18 INFO  o.s.b.w.e.tomcat.TomcatWebServer - Tomcat started on port 8080 (http) with context path ''
2024-10-15 21:21:18 INFO  c.a.backendv1.Backendv1Application - Started Backendv1Application in 3.693 seconds (process running for 4.326)
2024-10-15 21:21:21 INFO  o.a.c.c.C.[Tomcat].[localhost].[/] - Initializing Spring DispatcherServlet 'dispatcherServlet'
2024-10-15 21:21:21 INFO  o.s.web.servlet.DispatcherServlet - Initializing Servlet 'dispatcherServlet'
2024-10-15 21:21:21 INFO  o.s.web.servlet.DispatcherServlet - Completed initialization in 6 ms
2024-10-15 21:21:34 ERROR c.a.backendv1.Util.LoggerUtil - Error occurred on path: /api/v1/customer/create-customer, with CorrelationId: bd263da1-ef20-4690-bb0d-06714ab87c57, Error: Required request body is missing: public org.springframework.http.ResponseEntity<com.alucontrol.backendv1.model.Customer> com.alucontrol.backendv1.controllers.customer.CreateCustomerController.createCustomer(com.alucontrol.backendv1.model.Customer)
2024-10-15 21:21:34 WARN  o.s.w.s.m.m.a.ExceptionHandlerExceptionResolver - Resolved [org.springframework.http.converter.HttpMessageNotReadableException: Required request body is missing: public org.springframework.http.ResponseEntity<com.alucontrol.backendv1.model.Customer> com.alucontrol.backendv1.controllers.customer.CreateCustomerController.createCustomer(com.alucontrol.backendv1.model.Customer)]
2024-10-15 21:25:56 INFO  c.a.backendv1.Util.LoggerUtil - Customer saved successfully: Customer{ID=72, firstName='Sergio', lastName='', phoneNumber='', additionalInfo='', city='Canpolis - MG'}
2024-10-15 21:29:32 INFO  c.a.backendv1.Util.LoggerUtil - Customer saved successfully: Customer{ID=73, firstName='', lastName='', phoneNumber='', additionalInfo='', city='null'}
2024-10-15 21:29:44 INFO  c.a.backendv1.Util.LoggerUtil - Customer saved successfully: Customer{ID=74, firstName='', lastName='', phoneNumber='', additionalInfo='', city='null'}
2024-10-15 21:51:12 INFO  o.s.b.d.a.LocalDevToolsAutoConfiguration$RestartingClassPathChangeChangedEventListener - Restarting due to 162 class path changes (0 additions, 51 deletions, 111 modifications)
2024-10-15 21:51:12 INFO  o.a.coyote.http11.Http11NioProtocol - Stopping ProtocolHandler ["http-nio-8080"]
2024-10-15 21:51:23 WARN  org.apache.tomcat.util.net.Acceptor - The acceptor thread [http-nio-8080-Acceptor] did not stop cleanly
2024-10-15 21:51:23 INFO  o.s.o.j.LocalContainerEntityManagerFactoryBean - Closing JPA EntityManagerFactory for persistence unit 'default'
2024-10-15 21:51:23 INFO  com.zaxxer.hikari.HikariDataSource - HikariPool-1 - Shutdown initiated...
2024-10-15 21:51:23 INFO  com.zaxxer.hikari.HikariDataSource - HikariPool-1 - Shutdown completed.
2024-10-15 21:51:23 INFO  c.a.backendv1.Backendv1Application - Starting Backendv1Application using Java 22.0.1 with PID 86715 (/Users/sergiovinicio/Documents/GitHub/myApp/target/classes started by sergiovinicio in /Users/sergiovinicio/Documents/GitHub/myApp)
2024-10-15 21:51:23 INFO  c.a.backendv1.Backendv1Application - No active profile set, falling back to 1 default profile: "default"
2024-10-15 21:51:23 INFO  o.s.d.r.c.RepositoryConfigurationDelegate - Bootstrapping Spring Data JPA repositories in DEFAULT mode.
2024-10-15 21:51:23 INFO  o.s.d.r.c.RepositoryConfigurationDelegate - Finished Spring Data repository scanning in 11 ms. Found 6 JPA repository interfaces.
2024-10-15 21:51:23 INFO  o.s.b.w.e.tomcat.TomcatWebServer - Tomcat initialized with port 8080 (http)
2024-10-15 21:51:23 INFO  o.a.coyote.http11.Http11NioProtocol - Initializing ProtocolHandler ["http-nio-8080"]
2024-10-15 21:51:23 INFO  o.a.catalina.core.StandardService - Starting service [Tomcat]
2024-10-15 21:51:23 INFO  o.a.catalina.core.StandardEngine - Starting Servlet engine: [Apache Tomcat/10.1.20]
2024-10-15 21:51:23 INFO  o.a.c.c.C.[Tomcat].[localhost].[/] - Initializing Spring embedded WebApplicationContext
2024-10-15 21:51:23 INFO  o.s.b.w.s.c.ServletWebServerApplicationContext - Root WebApplicationContext: initialization completed in 265 ms
2024-10-15 21:51:23 INFO  com.zaxxer.hikari.HikariDataSource - HikariPool-2 - Starting...
2024-10-15 21:51:23 INFO  com.zaxxer.hikari.pool.HikariPool - HikariPool-2 - Added connection com.mysql.cj.jdbc.ConnectionImpl@594cc1e4
2024-10-15 21:51:23 INFO  com.zaxxer.hikari.HikariDataSource - HikariPool-2 - Start completed.
2024-10-15 21:51:23 INFO  o.h.jpa.internal.util.LogHelper - HHH000204: Processing PersistenceUnitInfo [name: default]
2024-10-15 21:51:23 INFO  o.h.c.i.RegionFactoryInitiator - HHH000026: Second-level cache disabled
2024-10-15 21:51:23 INFO  o.s.o.j.p.SpringPersistenceUnitInfo - No LoadTimeWeaver setup: ignoring JPA class transformer
2024-10-15 21:51:23 INFO  o.h.e.t.j.p.i.JtaPlatformInitiator - HHH000489: No JTA platform available (set 'hibernate.transaction.jta.platform' to enable JTA platform integration)
2024-10-15 21:51:23 INFO  o.s.o.j.LocalContainerEntityManagerFactoryBean - Initialized JPA EntityManagerFactory for persistence unit 'default'
2024-10-15 21:51:23 WARN  o.s.b.a.o.j.JpaBaseConfiguration$JpaWebConfiguration - spring.jpa.open-in-view is enabled by default. Therefore, database queries may be performed during view rendering. Explicitly configure spring.jpa.open-in-view to disable this warning
2024-10-15 21:51:23 INFO  o.s.b.a.w.s.WelcomePageHandlerMapping - Adding welcome page: class path resource [static/index.html]
2024-10-15 21:51:24 INFO  o.s.b.d.a.OptionalLiveReloadServer - LiveReload server is running on port 35729
2024-10-15 21:51:24 INFO  o.a.coyote.http11.Http11NioProtocol - Starting ProtocolHandler ["http-nio-8080"]
2024-10-15 21:51:24 INFO  o.s.b.w.e.tomcat.TomcatWebServer - Tomcat started on port 8080 (http) with context path ''
2024-10-15 21:51:24 INFO  c.a.backendv1.Backendv1Application - Started Backendv1Application in 0.692 seconds (process running for 1809.524)
2024-10-15 21:51:24 INFO  o.s.b.d.a.ConditionEvaluationDeltaLoggingListener - Condition evaluation unchanged
2024-10-15 21:51:25 INFO  o.s.b.d.a.LocalDevToolsAutoConfiguration$RestartingClassPathChangeChangedEventListener - Restarting due to 51 class path changes (51 additions, 0 deletions, 0 modifications)
2024-10-15 21:51:25 INFO  o.a.coyote.http11.Http11NioProtocol - Stopping ProtocolHandler ["http-nio-8080"]
2024-10-15 21:51:36 WARN  org.apache.tomcat.util.net.Acceptor - The acceptor thread [http-nio-8080-Acceptor] did not stop cleanly
2024-10-15 21:51:36 INFO  o.s.o.j.LocalContainerEntityManagerFactoryBean - Closing JPA EntityManagerFactory for persistence unit 'default'
2024-10-15 21:51:36 INFO  com.zaxxer.hikari.HikariDataSource - HikariPool-2 - Shutdown initiated...
2024-10-15 21:51:36 INFO  com.zaxxer.hikari.HikariDataSource - HikariPool-2 - Shutdown completed.
2024-10-15 21:51:36 INFO  c.a.backendv1.Backendv1Application - Starting Backendv1Application using Java 22.0.1 with PID 86715 (/Users/sergiovinicio/Documents/GitHub/myApp/target/classes started by sergiovinicio in /Users/sergiovinicio/Documents/GitHub/myApp)
2024-10-15 21:51:36 INFO  c.a.backendv1.Backendv1Application - No active profile set, falling back to 1 default profile: "default"
2024-10-15 21:51:36 INFO  o.s.d.r.c.RepositoryConfigurationDelegate - Bootstrapping Spring Data JPA repositories in DEFAULT mode.
2024-10-15 21:51:36 INFO  o.s.d.r.c.RepositoryConfigurationDelegate - Finished Spring Data repository scanning in 8 ms. Found 6 JPA repository interfaces.
2024-10-15 21:51:36 INFO  o.s.b.w.e.tomcat.TomcatWebServer - Tomcat initialized with port 8080 (http)
2024-10-15 21:51:36 INFO  o.a.coyote.http11.Http11NioProtocol - Initializing ProtocolHandler ["http-nio-8080"]
2024-10-15 21:51:36 INFO  o.a.catalina.core.StandardService - Starting service [Tomcat]
2024-10-15 21:51:36 INFO  o.a.catalina.core.StandardEngine - Starting Servlet engine: [Apache Tomcat/10.1.20]
2024-10-15 21:51:36 INFO  o.a.c.c.C.[Tomcat].[localhost].[/] - Initializing Spring embedded WebApplicationContext
2024-10-15 21:51:36 INFO  o.s.b.w.s.c.ServletWebServerApplicationContext - Root WebApplicationContext: initialization completed in 190 ms
2024-10-15 21:51:36 INFO  com.zaxxer.hikari.HikariDataSource - HikariPool-3 - Starting...
2024-10-15 21:51:36 INFO  com.zaxxer.hikari.pool.HikariPool - HikariPool-3 - Added connection com.mysql.cj.jdbc.ConnectionImpl@6465d4b
2024-10-15 21:51:36 INFO  com.zaxxer.hikari.HikariDataSource - HikariPool-3 - Start completed.
2024-10-15 21:51:36 INFO  o.h.jpa.internal.util.LogHelper - HHH000204: Processing PersistenceUnitInfo [name: default]
2024-10-15 21:51:36 INFO  o.h.c.i.RegionFactoryInitiator - HHH000026: Second-level cache disabled
2024-10-15 21:51:36 INFO  o.s.o.j.p.SpringPersistenceUnitInfo - No LoadTimeWeaver setup: ignoring JPA class transformer
2024-10-15 21:51:36 INFO  o.h.e.t.j.p.i.JtaPlatformInitiator - HHH000489: No JTA platform available (set 'hibernate.transaction.jta.platform' to enable JTA platform integration)
2024-10-15 21:51:36 INFO  o.s.o.j.LocalContainerEntityManagerFactoryBean - Initialized JPA EntityManagerFactory for persistence unit 'default'
2024-10-15 21:51:36 WARN  o.s.b.a.o.j.JpaBaseConfiguration$JpaWebConfiguration - spring.jpa.open-in-view is enabled by default. Therefore, database queries may be performed during view rendering. Explicitly configure spring.jpa.open-in-view to disable this warning
2024-10-15 21:51:36 INFO  o.s.b.a.w.s.WelcomePageHandlerMapping - Adding welcome page: class path resource [static/index.html]
2024-10-15 21:51:37 INFO  o.s.b.d.a.OptionalLiveReloadServer - LiveReload server is running on port 35729
2024-10-15 21:51:37 INFO  o.a.coyote.http11.Http11NioProtocol - Starting ProtocolHandler ["http-nio-8080"]
2024-10-15 21:51:37 INFO  o.s.b.w.e.tomcat.TomcatWebServer - Tomcat started on port 8080 (http) with context path ''
2024-10-15 21:51:37 INFO  c.a.backendv1.Backendv1Application - Started Backendv1Application in 0.494 seconds (process running for 1822.521)
2024-10-15 21:51:37 INFO  o.s.b.d.a.ConditionEvaluationDeltaLoggingListener - Condition evaluation unchanged
2024-10-15 21:51:43 INFO  o.a.c.c.C.[Tomcat].[localhost].[/] - Initializing Spring DispatcherServlet 'dispatcherServlet'
2024-10-15 21:51:43 INFO  o.s.web.servlet.DispatcherServlet - Initializing Servlet 'dispatcherServlet'
2024-10-15 21:51:43 INFO  o.s.web.servlet.DispatcherServlet - Completed initialization in 12 ms
2024-10-15 21:56:40 INFO  o.s.b.d.a.LocalDevToolsAutoConfiguration$RestartingClassPathChangeChangedEventListener - Restarting due to 51 class path changes (0 additions, 51 deletions, 0 modifications)
2024-10-15 21:56:40 INFO  o.a.coyote.http11.Http11NioProtocol - Stopping ProtocolHandler ["http-nio-8080"]
2024-10-15 21:56:40 INFO  o.s.o.j.LocalContainerEntityManagerFactoryBean - Closing JPA EntityManagerFactory for persistence unit 'default'
2024-10-15 21:56:40 INFO  com.zaxxer.hikari.HikariDataSource - HikariPool-3 - Shutdown initiated...
2024-10-15 21:56:40 INFO  com.zaxxer.hikari.HikariDataSource - HikariPool-3 - Shutdown completed.
2024-10-15 21:56:40 INFO  c.a.backendv1.Backendv1Application - Starting Backendv1Application using Java 22.0.1 with PID 86715 (/Users/sergiovinicio/Documents/GitHub/myApp/target/classes started by sergiovinicio in /Users/sergiovinicio/Documents/GitHub/myApp)
2024-10-15 21:56:40 INFO  c.a.backendv1.Backendv1Application - No active profile set, falling back to 1 default profile: "default"
2024-10-15 21:56:41 INFO  o.s.d.r.c.RepositoryConfigurationDelegate - Bootstrapping Spring Data JPA repositories in DEFAULT mode.
2024-10-15 21:56:41 INFO  o.s.d.r.c.RepositoryConfigurationDelegate - Finished Spring Data repository scanning in 9 ms. Found 6 JPA repository interfaces.
2024-10-15 21:56:41 INFO  o.s.b.w.e.tomcat.TomcatWebServer - Tomcat initialized with port 8080 (http)
2024-10-15 21:56:41 INFO  o.a.coyote.http11.Http11NioProtocol - Initializing ProtocolHandler ["http-nio-8080"]
2024-10-15 21:56:41 INFO  o.a.catalina.core.StandardService - Starting service [Tomcat]
2024-10-15 21:56:41 INFO  o.a.catalina.core.StandardEngine - Starting Servlet engine: [Apache Tomcat/10.1.20]
2024-10-15 21:56:41 INFO  o.a.c.c.C.[Tomcat].[localhost].[/] - Initializing Spring embedded WebApplicationContext
2024-10-15 21:56:41 INFO  o.s.b.w.s.c.ServletWebServerApplicationContext - Root WebApplicationContext: initialization completed in 216 ms
2024-10-15 21:56:41 INFO  com.zaxxer.hikari.HikariDataSource - HikariPool-4 - Starting...
2024-10-15 21:56:41 INFO  com.zaxxer.hikari.pool.HikariPool - HikariPool-4 - Added connection com.mysql.cj.jdbc.ConnectionImpl@407805d3
2024-10-15 21:56:41 INFO  com.zaxxer.hikari.HikariDataSource - HikariPool-4 - Start completed.
2024-10-15 21:56:41 INFO  o.h.jpa.internal.util.LogHelper - HHH000204: Processing PersistenceUnitInfo [name: default]
2024-10-15 21:56:41 INFO  o.h.c.i.RegionFactoryInitiator - HHH000026: Second-level cache disabled
2024-10-15 21:56:41 INFO  o.s.o.j.p.SpringPersistenceUnitInfo - No LoadTimeWeaver setup: ignoring JPA class transformer
2024-10-15 21:56:41 INFO  o.h.e.t.j.p.i.JtaPlatformInitiator - HHH000489: No JTA platform available (set 'hibernate.transaction.jta.platform' to enable JTA platform integration)
2024-10-15 21:56:41 INFO  o.s.o.j.LocalContainerEntityManagerFactoryBean - Initialized JPA EntityManagerFactory for persistence unit 'default'
2024-10-15 21:56:41 WARN  o.s.b.a.o.j.JpaBaseConfiguration$JpaWebConfiguration - spring.jpa.open-in-view is enabled by default. Therefore, database queries may be performed during view rendering. Explicitly configure spring.jpa.open-in-view to disable this warning
2024-10-15 21:56:41 INFO  o.s.b.a.w.s.WelcomePageHandlerMapping - Adding welcome page: class path resource [static/index.html]
2024-10-15 21:56:41 INFO  o.s.b.d.a.OptionalLiveReloadServer - LiveReload server is running on port 35729
2024-10-15 21:56:41 INFO  o.a.coyote.http11.Http11NioProtocol - Starting ProtocolHandler ["http-nio-8080"]
2024-10-15 21:56:41 INFO  o.s.b.w.e.tomcat.TomcatWebServer - Tomcat started on port 8080 (http) with context path ''
2024-10-15 21:56:41 INFO  c.a.backendv1.Backendv1Application - Started Backendv1Application in 0.559 seconds (process running for 2127.003)
2024-10-15 21:56:41 INFO  o.s.b.d.a.ConditionEvaluationDeltaLoggingListener - Condition evaluation unchanged
2024-10-15 21:56:42 INFO  o.a.c.c.C.[Tomcat].[localhost].[/] - Initializing Spring DispatcherServlet 'dispatcherServlet'
2024-10-15 21:56:42 INFO  o.s.web.servlet.DispatcherServlet - Initializing Servlet 'dispatcherServlet'
2024-10-15 21:56:42 INFO  o.s.web.servlet.DispatcherServlet - Completed initialization in 3 ms
2024-10-15 21:56:42 INFO  o.s.b.d.a.LocalDevToolsAutoConfiguration$RestartingClassPathChangeChangedEventListener - Restarting due to 51 class path changes (51 additions, 0 deletions, 0 modifications)
2024-10-15 21:56:42 INFO  o.a.coyote.http11.Http11NioProtocol - Stopping ProtocolHandler ["http-nio-8080"]
2024-10-15 21:56:43 INFO  o.s.o.j.LocalContainerEntityManagerFactoryBean - Closing JPA EntityManagerFactory for persistence unit 'default'
2024-10-15 21:56:43 INFO  com.zaxxer.hikari.HikariDataSource - HikariPool-4 - Shutdown initiated...
2024-10-15 21:56:43 INFO  com.zaxxer.hikari.HikariDataSource - HikariPool-4 - Shutdown completed.
2024-10-15 21:56:43 INFO  c.a.backendv1.Backendv1Application - Starting Backendv1Application using Java 22.0.1 with PID 86715 (/Users/sergiovinicio/Documents/GitHub/myApp/target/classes started by sergiovinicio in /Users/sergiovinicio/Documents/GitHub/myApp)
2024-10-15 21:56:43 INFO  c.a.backendv1.Backendv1Application - No active profile set, falling back to 1 default profile: "default"
2024-10-15 21:56:43 INFO  o.s.d.r.c.RepositoryConfigurationDelegate - Bootstrapping Spring Data JPA repositories in DEFAULT mode.
2024-10-15 21:56:43 INFO  o.s.d.r.c.RepositoryConfigurationDelegate - Finished Spring Data repository scanning in 8 ms. Found 6 JPA repository interfaces.
2024-10-15 21:56:43 INFO  o.s.b.w.e.tomcat.TomcatWebServer - Tomcat initialized with port 8080 (http)
2024-10-15 21:56:43 INFO  o.a.coyote.http11.Http11NioProtocol - Initializing ProtocolHandler ["http-nio-8080"]
2024-10-15 21:56:43 INFO  o.a.catalina.core.StandardService - Starting service [Tomcat]
2024-10-15 21:56:43 INFO  o.a.catalina.core.StandardEngine - Starting Servlet engine: [Apache Tomcat/10.1.20]
2024-10-15 21:56:43 INFO  o.a.c.c.C.[Tomcat].[localhost].[/] - Initializing Spring embedded WebApplicationContext
2024-10-15 21:56:43 INFO  o.s.b.w.s.c.ServletWebServerApplicationContext - Root WebApplicationContext: initialization completed in 166 ms
2024-10-15 21:56:43 INFO  com.zaxxer.hikari.HikariDataSource - HikariPool-5 - Starting...
2024-10-15 21:56:43 INFO  com.zaxxer.hikari.pool.HikariPool - HikariPool-5 - Added connection com.mysql.cj.jdbc.ConnectionImpl@1a50824b
2024-10-15 21:56:43 INFO  com.zaxxer.hikari.HikariDataSource - HikariPool-5 - Start completed.
2024-10-15 21:56:43 INFO  o.h.jpa.internal.util.LogHelper - HHH000204: Processing PersistenceUnitInfo [name: default]
2024-10-15 21:56:43 INFO  o.h.c.i.RegionFactoryInitiator - HHH000026: Second-level cache disabled
2024-10-15 21:56:43 INFO  o.s.o.j.p.SpringPersistenceUnitInfo - No LoadTimeWeaver setup: ignoring JPA class transformer
2024-10-15 21:56:43 INFO  o.h.e.t.j.p.i.JtaPlatformInitiator - HHH000489: No JTA platform available (set 'hibernate.transaction.jta.platform' to enable JTA platform integration)
2024-10-15 21:56:43 INFO  o.s.o.j.LocalContainerEntityManagerFactoryBean - Initialized JPA EntityManagerFactory for persistence unit 'default'
2024-10-15 21:56:43 WARN  o.s.b.a.o.j.JpaBaseConfiguration$JpaWebConfiguration - spring.jpa.open-in-view is enabled by default. Therefore, database queries may be performed during view rendering. Explicitly configure spring.jpa.open-in-view to disable this warning
2024-10-15 21:56:43 INFO  o.s.b.a.w.s.WelcomePageHandlerMapping - Adding welcome page: class path resource [static/index.html]
2024-10-15 21:56:43 INFO  o.s.b.d.a.OptionalLiveReloadServer - LiveReload server is running on port 35729
2024-10-15 21:56:43 INFO  o.a.coyote.http11.Http11NioProtocol - Starting ProtocolHandler ["http-nio-8080"]
2024-10-15 21:56:43 INFO  o.s.b.w.e.tomcat.TomcatWebServer - Tomcat started on port 8080 (http) with context path ''
2024-10-15 21:56:43 INFO  c.a.backendv1.Backendv1Application - Started Backendv1Application in 0.483 seconds (process running for 2129.096)
2024-10-15 21:56:43 INFO  o.s.b.d.a.ConditionEvaluationDeltaLoggingListener - Condition evaluation unchanged
2024-10-15 21:56:46 INFO  o.a.c.c.C.[Tomcat].[localhost].[/] - Initializing Spring DispatcherServlet 'dispatcherServlet'
2024-10-15 21:56:46 INFO  o.s.web.servlet.DispatcherServlet - Initializing Servlet 'dispatcherServlet'
2024-10-15 21:56:46 INFO  o.s.web.servlet.DispatcherServlet - Completed initialization in 3 ms
2024-10-15 22:01:05 ERROR c.a.backendv1.Util.LoggerUtil - Error occurred on path: /js/modules/utilities/errorHandling.js, with CorrelationId: 11c7791a-bec9-4524-98e7-3efc2861de4b, Error: No static resource js/modules/utilities/errorHandling.js.
2024-10-15 22:01:05 WARN  o.s.w.s.m.m.a.ExceptionHandlerExceptionResolver - Resolved [org.springframework.web.servlet.resource.NoResourceFoundException: No static resource js/modules/utilities/errorHandling.js.]
2024-10-15 22:30:46 INFO  o.s.o.j.LocalContainerEntityManagerFactoryBean - Closing JPA EntityManagerFactory for persistence unit 'default'
2024-10-15 22:30:46 INFO  com.zaxxer.hikari.HikariDataSource - HikariPool-5 - Shutdown initiated...
2024-10-15 22:30:46 INFO  com.zaxxer.hikari.HikariDataSource - HikariPool-5 - Shutdown completed.
2024-10-15 22:31:03 INFO  c.a.backendv1.Backendv1Application - Starting Backendv1Application using Java 22.0.1 with PID 88963 (/Users/sergiovinicio/Documents/GitHub/myApp/target/classes started by sergiovinicio in /Users/sergiovinicio/Documents/GitHub/myApp)
2024-10-15 22:31:03 INFO  c.a.backendv1.Backendv1Application - No active profile set, falling back to 1 default profile: "default"
2024-10-15 22:31:03 INFO  o.s.b.d.e.DevToolsPropertyDefaultsPostProcessor - Devtools property defaults active! Set 'spring.devtools.add-properties' to 'false' to disable
2024-10-15 22:31:03 INFO  o.s.b.d.e.DevToolsPropertyDefaultsPostProcessor - For additional web related logging consider setting the 'logging.level.web' property to 'DEBUG'
2024-10-15 22:31:03 INFO  o.s.d.r.c.RepositoryConfigurationDelegate - Bootstrapping Spring Data JPA repositories in DEFAULT mode.
2024-10-15 22:31:03 INFO  o.s.d.r.c.RepositoryConfigurationDelegate - Finished Spring Data repository scanning in 35 ms. Found 6 JPA repository interfaces.
2024-10-15 22:31:03 INFO  o.s.b.w.e.tomcat.TomcatWebServer - Tomcat initialized with port 8080 (http)
2024-10-15 22:31:03 INFO  o.a.coyote.http11.Http11NioProtocol - Initializing ProtocolHandler ["http-nio-8080"]
2024-10-15 22:31:03 INFO  o.a.catalina.core.StandardService - Starting service [Tomcat]
2024-10-15 22:31:03 INFO  o.a.catalina.core.StandardEngine - Starting Servlet engine: [Apache Tomcat/10.1.20]
2024-10-15 22:31:04 INFO  o.a.c.c.C.[Tomcat].[localhost].[/] - Initializing Spring embedded WebApplicationContext
2024-10-15 22:31:04 INFO  o.s.b.w.s.c.ServletWebServerApplicationContext - Root WebApplicationContext: initialization completed in 769 ms
2024-10-15 22:31:04 INFO  com.zaxxer.hikari.HikariDataSource - HikariPool-1 - Starting...
2024-10-15 22:31:04 INFO  com.zaxxer.hikari.pool.HikariPool - HikariPool-1 - Added connection com.mysql.cj.jdbc.ConnectionImpl@29ebd178
2024-10-15 22:31:04 INFO  com.zaxxer.hikari.HikariDataSource - HikariPool-1 - Start completed.
2024-10-15 22:31:04 INFO  o.h.jpa.internal.util.LogHelper - HHH000204: Processing PersistenceUnitInfo [name: default]
2024-10-15 22:31:04 INFO  org.hibernate.Version - HHH000412: Hibernate ORM core version 6.4.4.Final
2024-10-15 22:31:04 INFO  o.h.c.i.RegionFactoryInitiator - HHH000026: Second-level cache disabled
2024-10-15 22:31:04 INFO  o.s.o.j.p.SpringPersistenceUnitInfo - No LoadTimeWeaver setup: ignoring JPA class transformer
2024-10-15 22:31:05 INFO  o.h.e.t.j.p.i.JtaPlatformInitiator - HHH000489: No JTA platform available (set 'hibernate.transaction.jta.platform' to enable JTA platform integration)
2024-10-15 22:31:05 INFO  o.s.o.j.LocalContainerEntityManagerFactoryBean - Initialized JPA EntityManagerFactory for persistence unit 'default'
2024-10-15 22:31:05 INFO  o.s.d.j.r.query.QueryEnhancerFactory - Hibernate is in classpath; If applicable, HQL parser will be used.
2024-10-15 22:31:05 WARN  o.s.b.a.o.j.JpaBaseConfiguration$JpaWebConfiguration - spring.jpa.open-in-view is enabled by default. Therefore, database queries may be performed during view rendering. Explicitly configure spring.jpa.open-in-view to disable this warning
2024-10-15 22:31:05 INFO  o.s.b.a.w.s.WelcomePageHandlerMapping - Adding welcome page: class path resource [static/index.html]
2024-10-15 22:31:06 INFO  o.s.b.d.a.OptionalLiveReloadServer - LiveReload server is running on port 35729
2024-10-15 22:31:06 INFO  o.a.coyote.http11.Http11NioProtocol - Starting ProtocolHandler ["http-nio-8080"]
2024-10-15 22:31:06 INFO  o.s.b.w.e.tomcat.TomcatWebServer - Tomcat started on port 8080 (http) with context path ''
2024-10-15 22:31:06 INFO  c.a.backendv1.Backendv1Application - Started Backendv1Application in 3.055 seconds (process running for 3.724)
2024-10-15 22:31:11 INFO  o.a.c.c.C.[Tomcat].[localhost].[/] - Initializing Spring DispatcherServlet 'dispatcherServlet'
2024-10-15 22:31:11 INFO  o.s.web.servlet.DispatcherServlet - Initializing Servlet 'dispatcherServlet'
2024-10-15 22:31:11 INFO  o.s.web.servlet.DispatcherServlet - Completed initialization in 1 ms
2024-10-15 22:31:15 INFO  c.a.backendv1.Util.LoggerUtil - Customer saved successfully: Customer{ID=75, firstName='Ser', lastName='', phoneNumber='', additionalInfo='', city='Cachoeira Dourada - MG'}
2024-10-15 22:49:31 INFO  c.a.backendv1.Util.LoggerUtil - Customer saved successfully: Customer{ID=76, firstName='Sergj', lastName='', phoneNumber='', additionalInfo='', city='Monte Alegre - MG'}
2024-10-15 22:51:12 INFO  c.a.backendv1.Util.LoggerUtil - Customer saved successfully: Customer{ID=77, firstName='S', lastName='', phoneNumber='', additionalInfo='', city='Canpolis - MG'}
2024-10-15 23:00:31 INFO  o.s.o.j.LocalContainerEntityManagerFactoryBean - Closing JPA EntityManagerFactory for persistence unit 'default'
2024-10-15 23:00:31 INFO  com.zaxxer.hikari.HikariDataSource - HikariPool-1 - Shutdown initiated...
2024-10-15 23:00:31 INFO  com.zaxxer.hikari.HikariDataSource - HikariPool-1 - Shutdown completed.
